This file contains any messages produced by compilers while
running configure, to aid debugging if configure makes a mistake.

It was created by openvswitch configure 2.3.1, which was
generated by GNU Autoconf 2.68.  Invocation command line was

  $ ./configure --with-linux=/lib/modules/3.13.0-32-generic/build --no-create --no-recursion

## --------- ##
## Platform. ##
## --------- ##

hostname = ubuntu
uname -m = x86_64
uname -r = 4.2.0-34-generic
uname -s = Linux
uname -v = #39~14.04.1-Ubuntu SMP Fri Mar 11 11:38:02 UTC 2016

/usr/bin/uname -p = unknown
/bin/uname -X     = unknown

/bin/arch              = unknown
/usr/bin/arch -k       = unknown
/usr/convex/getsysinfo = unknown
/usr/bin/hostinfo      = unknown
/bin/machine           = unknown
/usr/bin/oslevel       = unknown
/bin/universe          = unknown

PATH: /usr/local/sbin
PATH: /usr/local/bin
PATH: /usr/sbin
PATH: /usr/bin
PATH: /sbin
PATH: /bin


## ----------- ##
## Core tests. ##
## ----------- ##

configure:2626: checking for a BSD-compatible install
configure:2694: result: /usr/bin/install -c
configure:2705: checking whether build environment is sane
configure:2755: result: yes
configure:2896: checking for a thread-safe mkdir -p
configure:2935: result: /bin/mkdir -p
configure:2948: checking for gawk
configure:2964: found /usr/bin/gawk
configure:2975: result: gawk
configure:2986: checking whether make sets $(MAKE)
configure:3008: result: yes
configure:3137: checking for gcc
configure:3153: found /usr/bin/gcc
configure:3164: result: gcc
configure:3393: checking for C compiler version
configure:3402: gcc --version >&5
gcc (Ubuntu 4.8.4-2ubuntu1~14.04.1) 4.8.4
Copyright (C) 2013 Free Software Foundation, Inc.
This is free software; see the source for copying conditions.  There is NO
warranty; not even for MERCHANTABILITY or FITNESS FOR A PARTICULAR PURPOSE.

configure:3413: $? = 0
configure:3402: gcc -v >&5
Using built-in specs.
COLLECT_GCC=gcc
COLLECT_LTO_WRAPPER=/usr/lib/gcc/x86_64-linux-gnu/4.8/lto-wrapper
Target: x86_64-linux-gnu
Configured with: ../src/configure -v --with-pkgversion='Ubuntu 4.8.4-2ubuntu1~14.04.1' --with-bugurl=file:///usr/share/doc/gcc-4.8/README.Bugs --enable-languages=c,c++,java,go,d,fortran,objc,obj-c++ --prefix=/usr --program-suffix=-4.8 --enable-shared --enable-linker-build-id --libexecdir=/usr/lib --without-included-gettext --enable-threads=posix --with-gxx-include-dir=/usr/include/c++/4.8 --libdir=/usr/lib --enable-nls --with-sysroot=/ --enable-clocale=gnu --enable-libstdcxx-debug --enable-libstdcxx-time=yes --enable-gnu-unique-object --disable-libmudflap --enable-plugin --with-system-zlib --disable-browser-plugin --enable-java-awt=gtk --enable-gtk-cairo --with-java-home=/usr/lib/jvm/java-1.5.0-gcj-4.8-amd64/jre --enable-java-home --with-jvm-root-dir=/usr/lib/jvm/java-1.5.0-gcj-4.8-amd64 --with-jvm-jar-dir=/usr/lib/jvm-exports/java-1.5.0-gcj-4.8-amd64 --with-arch-directory=amd64 --with-ecj-jar=/usr/share/java/eclipse-ecj.jar --enable-objc-gc --enable-multiarch --disable-werror --with-arch-32=i686 --with-abi=m64 --with-multilib-list=m32,m64,mx32 --with-tune=generic --enable-checking=release --build=x86_64-linux-gnu --host=x86_64-linux-gnu --target=x86_64-linux-gnu
Thread model: posix
gcc version 4.8.4 (Ubuntu 4.8.4-2ubuntu1~14.04.1) 
configure:3413: $? = 0
configure:3402: gcc -V >&5
gcc: error: unrecognized command line option '-V'
gcc: fatal error: no input files
compilation terminated.
configure:3413: $? = 4
configure:3402: gcc -qversion >&5
gcc: error: unrecognized command line option '-qversion'
gcc: fatal error: no input files
compilation terminated.
configure:3413: $? = 4
configure:3433: checking whether the C compiler works
configure:3455: gcc    conftest.c  >&5
configure:3459: $? = 0
configure:3507: result: yes
configure:3510: checking for C compiler default output file name
configure:3512: result: a.out
configure:3518: checking for suffix of executables
configure:3525: gcc -o conftest    conftest.c  >&5
configure:3529: $? = 0
configure:3551: result: 
configure:3573: checking whether we are cross compiling
configure:3581: gcc -o conftest    conftest.c  >&5
configure:3585: $? = 0
configure:3592: ./conftest
configure:3596: $? = 0
configure:3611: result: no
configure:3616: checking for suffix of object files
configure:3638: gcc -c   conftest.c >&5
configure:3642: $? = 0
configure:3663: result: o
configure:3667: checking whether we are using the GNU C compiler
configure:3686: gcc -c   conftest.c >&5
configure:3686: $? = 0
configure:3695: result: yes
configure:3704: checking whether gcc accepts -g
configure:3724: gcc -c -g  conftest.c >&5
configure:3724: $? = 0
configure:3765: result: yes
configure:3782: checking for gcc option to accept ISO C89
configure:3846: gcc  -c -g -O2  conftest.c >&5
configure:3846: $? = 0
configure:3859: result: none needed
configure:3890: checking for style of include used by make
configure:3918: result: GNU
configure:3943: checking dependency style of gcc
configure:4053: result: gcc3
configure:4069: checking whether gcc and cc understand -c and -o together
configure:4100: gcc -c conftest.c -o conftest2.o >&5
configure:4104: $? = 0
configure:4110: gcc -c conftest.c -o conftest2.o >&5
configure:4114: $? = 0
configure:4125: cc -c conftest.c >&5
configure:4129: $? = 0
configure:4137: cc -c conftest.c -o conftest2.o >&5
configure:4141: $? = 0
configure:4147: cc -c conftest.c -o conftest2.o >&5
configure:4151: $? = 0
configure:4169: result: yes
configure:4199: checking how to run the C preprocessor
configure:4230: gcc -E  conftest.c
configure:4230: $? = 0
configure:4244: gcc -E  conftest.c
conftest.c:11:28: fatal error: ac_nonexistent.h: No such file or directory
 #include <ac_nonexistent.h>
                            ^
compilation terminated.
configure:4244: $? = 1
configure: failed program was:
| /* confdefs.h */
| #define PACKAGE_NAME "openvswitch"
| #define PACKAGE_TARNAME "openvswitch"
| #define PACKAGE_VERSION "2.3.1"
| #define PACKAGE_STRING "openvswitch 2.3.1"
| #define PACKAGE_BUGREPORT "bugs@openvswitch.org"
| #define PACKAGE_URL ""
| #define PACKAGE "openvswitch"
| #define VERSION "2.3.1"
| /* end confdefs.h.  */
| #include <ac_nonexistent.h>
configure:4269: result: gcc -E
configure:4289: gcc -E  conftest.c
configure:4289: $? = 0
configure:4303: gcc -E  conftest.c
conftest.c:11:28: fatal error: ac_nonexistent.h: No such file or directory
 #include <ac_nonexistent.h>
                            ^
compilation terminated.
configure:4303: $? = 1
configure: failed program was:
| /* confdefs.h */
| #define PACKAGE_NAME "openvswitch"
| #define PACKAGE_TARNAME "openvswitch"
| #define PACKAGE_VERSION "2.3.1"
| #define PACKAGE_STRING "openvswitch 2.3.1"
| #define PACKAGE_BUGREPORT "bugs@openvswitch.org"
| #define PACKAGE_URL ""
| #define PACKAGE "openvswitch"
| #define VERSION "2.3.1"
| /* end confdefs.h.  */
| #include <ac_nonexistent.h>
configure:4332: checking for grep that handles long lines and -e
configure:4390: result: /bin/grep
configure:4395: checking for fgrep
configure:4457: result: /bin/grep -F
configure:4462: checking for egrep
configure:4524: result: /bin/grep -E
configure:4533: checking for perl
configure:4551: found /usr/bin/perl
configure:4564: result: /usr/bin/perl
configure:4582: checking for ANSI C header files
configure:4602: gcc -c -g -O2  conftest.c >&5
configure:4602: $? = 0
configure:4675: gcc -o conftest -g -O2   conftest.c  >&5
configure:4675: $? = 0
configure:4675: ./conftest
configure:4675: $? = 0
configure:4686: result: yes
configure:4699: checking for sys/types.h
configure:4699: gcc -c -g -O2  conftest.c >&5
configure:4699: $? = 0
configure:4699: result: yes
configure:4699: checking for sys/stat.h
configure:4699: gcc -c -g -O2  conftest.c >&5
configure:4699: $? = 0
configure:4699: result: yes
configure:4699: checking for stdlib.h
configure:4699: gcc -c -g -O2  conftest.c >&5
configure:4699: $? = 0
configure:4699: result: yes
configure:4699: checking for string.h
configure:4699: gcc -c -g -O2  conftest.c >&5
configure:4699: $? = 0
configure:4699: result: yes
configure:4699: checking for memory.h
configure:4699: gcc -c -g -O2  conftest.c >&5
configure:4699: $? = 0
configure:4699: result: yes
configure:4699: checking for strings.h
configure:4699: gcc -c -g -O2  conftest.c >&5
configure:4699: $? = 0
configure:4699: result: yes
configure:4699: checking for inttypes.h
configure:4699: gcc -c -g -O2  conftest.c >&5
configure:4699: $? = 0
configure:4699: result: yes
configure:4699: checking for stdint.h
configure:4699: gcc -c -g -O2  conftest.c >&5
configure:4699: $? = 0
configure:4699: result: yes
configure:4699: checking for unistd.h
configure:4699: gcc -c -g -O2  conftest.c >&5
configure:4699: $? = 0
configure:4699: result: yes
configure:4712: checking minix/config.h usability
configure:4712: gcc -c -g -O2  conftest.c >&5
conftest.c:54:26: fatal error: minix/config.h: No such file or directory
 #include <minix/config.h>
                          ^
compilation terminated.
configure:4712: $? = 1
configure: failed program was:
| /* confdefs.h */
| #define PACKAGE_NAME "openvswitch"
| #define PACKAGE_TARNAME "openvswitch"
| #define PACKAGE_VERSION "2.3.1"
| #define PACKAGE_STRING "openvswitch 2.3.1"
| #define PACKAGE_BUGREPORT "bugs@openvswitch.org"
| #define PACKAGE_URL ""
| #define PACKAGE "openvswitch"
| #define VERSION "2.3.1"
| #define STDC_HEADERS 1
| #define HAVE_SYS_TYPES_H 1
| #define HAVE_SYS_STAT_H 1
| #define HAVE_STDLIB_H 1
| #define HAVE_STRING_H 1
| #define HAVE_MEMORY_H 1
| #define HAVE_STRINGS_H 1
| #define HAVE_INTTYPES_H 1
| #define HAVE_STDINT_H 1
| #define HAVE_UNISTD_H 1
| /* end confdefs.h.  */
| #include <stdio.h>
| #ifdef HAVE_SYS_TYPES_H
| # include <sys/types.h>
| #endif
| #ifdef HAVE_SYS_STAT_H
| # include <sys/stat.h>
| #endif
| #ifdef STDC_HEADERS
| # include <stdlib.h>
| # include <stddef.h>
| #else
| # ifdef HAVE_STDLIB_H
| #  include <stdlib.h>
| # endif
| #endif
| #ifdef HAVE_STRING_H
| # if !defined STDC_HEADERS && defined HAVE_MEMORY_H
| #  include <memory.h>
| # endif
| # include <string.h>
| #endif
| #ifdef HAVE_STRINGS_H
| # include <strings.h>
| #endif
| #ifdef HAVE_INTTYPES_H
| # include <inttypes.h>
| #endif
| #ifdef HAVE_STDINT_H
| # include <stdint.h>
| #endif
| #ifdef HAVE_UNISTD_H
| # include <unistd.h>
| #endif
| #include <minix/config.h>
configure:4712: result: no
configure:4712: checking minix/config.h presence
configure:4712: gcc -E  conftest.c
conftest.c:21:26: fatal error: minix/config.h: No such file or directory
 #include <minix/config.h>
                          ^
compilation terminated.
configure:4712: $? = 1
configure: failed program was:
| /* confdefs.h */
| #define PACKAGE_NAME "openvswitch"
| #define PACKAGE_TARNAME "openvswitch"
| #define PACKAGE_VERSION "2.3.1"
| #define PACKAGE_STRING "openvswitch 2.3.1"
| #define PACKAGE_BUGREPORT "bugs@openvswitch.org"
| #define PACKAGE_URL ""
| #define PACKAGE "openvswitch"
| #define VERSION "2.3.1"
| #define STDC_HEADERS 1
| #define HAVE_SYS_TYPES_H 1
| #define HAVE_SYS_STAT_H 1
| #define HAVE_STDLIB_H 1
| #define HAVE_STRING_H 1
| #define HAVE_MEMORY_H 1
| #define HAVE_STRINGS_H 1
| #define HAVE_INTTYPES_H 1
| #define HAVE_STDINT_H 1
| #define HAVE_UNISTD_H 1
| /* end confdefs.h.  */
| #include <minix/config.h>
configure:4712: result: no
configure:4712: checking for minix/config.h
configure:4712: result: no
configure:4733: checking whether it is safe to define __EXTENSIONS__
configure:4751: gcc -c -g -O2  conftest.c >&5
configure:4751: $? = 0
configure:4758: result: yes
configure:4772: checking whether byte ordering is bigendian
configure:4787: gcc -c -g -O2  conftest.c >&5
conftest.c:27:9: error: unknown type name 'not'
         not a universal capable compiler
         ^
conftest.c:27:15: error: expected '=', ',', ';', 'asm' or '__attribute__' before 'universal'
         not a universal capable compiler
               ^
conftest.c:27:15: error: unknown type name 'universal'
configure:4787: $? = 1
configure: failed program was:
| /* confdefs.h */
| #define PACKAGE_NAME "openvswitch"
| #define PACKAGE_TARNAME "openvswitch"
| #define PACKAGE_VERSION "2.3.1"
| #define PACKAGE_STRING "openvswitch 2.3.1"
| #define PACKAGE_BUGREPORT "bugs@openvswitch.org"
| #define PACKAGE_URL ""
| #define PACKAGE "openvswitch"
| #define VERSION "2.3.1"
| #define STDC_HEADERS 1
| #define HAVE_SYS_TYPES_H 1
| #define HAVE_SYS_STAT_H 1
| #define HAVE_STDLIB_H 1
| #define HAVE_STRING_H 1
| #define HAVE_MEMORY_H 1
| #define HAVE_STRINGS_H 1
| #define HAVE_INTTYPES_H 1
| #define HAVE_STDINT_H 1
| #define HAVE_UNISTD_H 1
| #define __EXTENSIONS__ 1
| #define _ALL_SOURCE 1
| #define _GNU_SOURCE 1
| #define _POSIX_PTHREAD_SEMANTICS 1
| #define _TANDEM_SOURCE 1
| /* end confdefs.h.  */
| #ifndef __APPLE_CC__
| 	       not a universal capable compiler
| 	     #endif
| 	     typedef int dummy;
| 
configure:4832: gcc -c -g -O2  conftest.c >&5
configure:4832: $? = 0
configure:4850: gcc -c -g -O2  conftest.c >&5
conftest.c: In function 'main':
conftest.c:33:4: error: unknown type name 'not'
    not big endian
    ^
conftest.c:33:12: error: expected '=', ',', ';', 'asm' or '__attribute__' before 'endian'
    not big endian
            ^
configure:4850: $? = 1
configure: failed program was:
| /* confdefs.h */
| #define PACKAGE_NAME "openvswitch"
| #define PACKAGE_TARNAME "openvswitch"
| #define PACKAGE_VERSION "2.3.1"
| #define PACKAGE_STRING "openvswitch 2.3.1"
| #define PACKAGE_BUGREPORT "bugs@openvswitch.org"
| #define PACKAGE_URL ""
| #define PACKAGE "openvswitch"
| #define VERSION "2.3.1"
| #define STDC_HEADERS 1
| #define HAVE_SYS_TYPES_H 1
| #define HAVE_SYS_STAT_H 1
| #define HAVE_STDLIB_H 1
| #define HAVE_STRING_H 1
| #define HAVE_MEMORY_H 1
| #define HAVE_STRINGS_H 1
| #define HAVE_INTTYPES_H 1
| #define HAVE_STDINT_H 1
| #define HAVE_UNISTD_H 1
| #define __EXTENSIONS__ 1
| #define _ALL_SOURCE 1
| #define _GNU_SOURCE 1
| #define _POSIX_PTHREAD_SEMANTICS 1
| #define _TANDEM_SOURCE 1
| /* end confdefs.h.  */
| #include <sys/types.h>
| 		#include <sys/param.h>
| 
| int
| main ()
| {
| #if BYTE_ORDER != BIG_ENDIAN
| 		 not big endian
| 		#endif
| 
|   ;
|   return 0;
| }
configure:4978: result: no
configure:5003: checking for special C compiler options needed for large files
configure:5048: result: no
configure:5054: checking for _FILE_OFFSET_BITS value needed for large files
configure:5079: gcc -c -g -O2  conftest.c >&5
configure:5079: $? = 0
configure:5111: result: no
configure:5224: checking build system type
configure:5238: result: x86_64-unknown-linux-gnu
configure:5258: checking host system type
configure:5271: result: x86_64-unknown-linux-gnu
configure:5312: checking how to print strings
configure:5339: result: printf
configure:5360: checking for a sed that does not truncate output
configure:5424: result: /bin/sed
configure:5472: checking for ld used by gcc
configure:5539: result: /usr/bin/ld
configure:5546: checking if the linker (/usr/bin/ld) is GNU ld
configure:5561: result: yes
configure:5573: checking for BSD- or MS-compatible name lister (nm)
configure:5622: result: /usr/bin/nm -B
configure:5752: checking the name lister (/usr/bin/nm -B) interface
configure:5759: gcc -c -g -O2  conftest.c >&5
configure:5762: /usr/bin/nm -B "conftest.o"
configure:5765: output
0000000000000000 B some_variable
configure:5772: result: BSD nm
configure:5775: checking whether ln -s works
configure:5779: result: yes
configure:5787: checking the maximum length of command line arguments
configure:5912: result: 3458764513820540925
configure:5929: checking whether the shell understands some XSI constructs
configure:5939: result: yes
configure:5943: checking whether the shell understands "+="
configure:5949: result: yes
configure:5984: checking how to convert x86_64-unknown-linux-gnu file names to x86_64-unknown-linux-gnu format
configure:6024: result: func_convert_file_noop
configure:6031: checking how to convert x86_64-unknown-linux-gnu file names to toolchain format
configure:6051: result: func_convert_file_noop
configure:6058: checking for /usr/bin/ld option to reload object files
configure:6065: result: -r
configure:6139: checking for objdump
configure:6155: found /usr/bin/objdump
configure:6166: result: objdump
configure:6198: checking how to recognize dependent libraries
configure:6400: result: pass_all
configure:6485: checking for dlltool
configure:6515: result: no
configure:6545: checking how to associate runtime and link libraries
configure:6572: result: printf %s\n
configure:6632: checking for ar
configure:6648: found /usr/bin/ar
configure:6659: result: ar
configure:6696: checking for archiver @FILE support
configure:6713: gcc -c -g -O2  conftest.c >&5
configure:6713: $? = 0
configure:6716: ar cru libconftest.a @conftest.lst >&5
configure:6719: $? = 0
configure:6724: ar cru libconftest.a @conftest.lst >&5
ar: conftest.o: No such file or directory
configure:6727: $? = 1
configure:6739: result: @
configure:6797: checking for strip
configure:6813: found /usr/bin/strip
configure:6824: result: strip
configure:6896: checking for ranlib
configure:6912: found /usr/bin/ranlib
configure:6923: result: ranlib
configure:7025: checking command to parse /usr/bin/nm -B output from gcc object
configure:7144: gcc -c -g -O2  conftest.c >&5
configure:7147: $? = 0
configure:7151: /usr/bin/nm -B conftest.o \| sed -n -e 's/^.*[ ]\([ABCDGIRSTW][ABCDGIRSTW]*\)[ ][ ]*\([_A-Za-z][_A-Za-z0-9]*\)$/\1 \2 \2/p' | sed '/ __gnu_lto/d' \> conftest.nm
configure:7154: $? = 0
configure:7220: gcc -o conftest -g -O2   conftest.c conftstm.o >&5
configure:7223: $? = 0
configure:7261: result: ok
configure:7298: checking for sysroot
configure:7328: result: no
configure:7405: gcc -c -g -O2  conftest.c >&5
configure:7408: $? = 0
configure:7571: checking for mt
configure:7587: found /bin/mt
configure:7598: result: mt
configure:7621: checking if mt is a manifest tool
configure:7627: mt '-?'
configure:7635: result: no
configure:8264: checking for dlfcn.h
configure:8264: gcc -c -g -O2  conftest.c >&5
configure:8264: $? = 0
configure:8264: result: yes
configure:8450: checking for objdir
configure:8465: result: .libs
configure:8736: checking if gcc supports -fno-rtti -fno-exceptions
configure:8754: gcc -c -g -O2  -fno-rtti -fno-exceptions conftest.c >&5
cc1: warning: command line option '-fno-rtti' is valid for C++/ObjC++ but not for C [enabled by default]
configure:8758: $? = 0
configure:8771: result: no
configure:9081: checking for gcc option to produce PIC
configure:9088: result: -fPIC -DPIC
configure:9096: checking if gcc PIC flag -fPIC -DPIC works
configure:9114: gcc -c -g -O2  -fPIC -DPIC -DPIC conftest.c >&5
configure:9118: $? = 0
configure:9131: result: yes
configure:9160: checking if gcc static flag -static works
configure:9188: result: yes
configure:9203: checking if gcc supports -c -o file.o
configure:9224: gcc -c -g -O2  -o out/conftest2.o conftest.c >&5
configure:9228: $? = 0
configure:9250: result: yes
configure:9258: checking if gcc supports -c -o file.o
configure:9305: result: yes
configure:9338: checking whether the gcc linker (/usr/bin/ld -m elf_x86_64) supports shared libraries
configure:10500: result: yes
configure:10745: checking dynamic linker characteristics
configure:11260: gcc -o conftest -g -O2   -Wl,-rpath -Wl,/foo conftest.c  >&5
configure:11260: $? = 0
configure:11494: result: GNU/Linux ld.so
configure:11601: checking how to hardcode library paths into programs
configure:11626: result: immediate
configure:12166: checking whether stripping libraries is possible
configure:12171: result: yes
configure:12206: checking if libtool supports shared libraries
configure:12208: result: yes
configure:12211: checking whether to build shared libraries
configure:12232: result: no
configure:12235: checking whether to build static libraries
configure:12239: result: yes
configure:12275: checking for library containing pow
configure:12306: gcc -o conftest -g -O2   conftest.c  >&5
conftest.c:35:6: warning: conflicting types for built-in function 'pow' [enabled by default]
 char pow ();
      ^
/tmp/cc4hHVjo.o: In function `main':
/home/ubuntu/hongdal-clickos-cloudlab-54a46bd6f27d/openvswitch-2.3.1/conftest.c:39: undefined reference to `pow'
collect2: error: ld returned 1 exit status
configure:12306: $? = 1
configure: failed program was:
| /* confdefs.h */
| #define PACKAGE_NAME "openvswitch"
| #define PACKAGE_TARNAME "openvswitch"
| #define PACKAGE_VERSION "2.3.1"
| #define PACKAGE_STRING "openvswitch 2.3.1"
| #define PACKAGE_BUGREPORT "bugs@openvswitch.org"
| #define PACKAGE_URL ""
| #define PACKAGE "openvswitch"
| #define VERSION "2.3.1"
| #define STDC_HEADERS 1
| #define HAVE_SYS_TYPES_H 1
| #define HAVE_SYS_STAT_H 1
| #define HAVE_STDLIB_H 1
| #define HAVE_STRING_H 1
| #define HAVE_MEMORY_H 1
| #define HAVE_STRINGS_H 1
| #define HAVE_INTTYPES_H 1
| #define HAVE_STDINT_H 1
| #define HAVE_UNISTD_H 1
| #define __EXTENSIONS__ 1
| #define _ALL_SOURCE 1
| #define _GNU_SOURCE 1
| #define _POSIX_PTHREAD_SEMANTICS 1
| #define _TANDEM_SOURCE 1
| #define HAVE_DLFCN_H 1
| #define LT_OBJDIR ".libs/"
| /* end confdefs.h.  */
| 
| /* Override any GCC internal prototype to avoid an error.
|    Use char because int might match the return type of a GCC
|    builtin and then its argument prototype would still apply.  */
| #ifdef __cplusplus
| extern "C"
| #endif
| char pow ();
| int
| main ()
| {
| return pow ();
|   ;
|   return 0;
| }
configure:12306: gcc -o conftest -g -O2   conftest.c -lm   >&5
conftest.c:35:6: warning: conflicting types for built-in function 'pow' [enabled by default]
 char pow ();
      ^
configure:12306: $? = 0
configure:12323: result: -lm
configure:12331: checking for library containing clock_gettime
configure:12362: gcc -o conftest -g -O2   conftest.c -lm  >&5
configure:12362: $? = 0
configure:12379: result: none required
configure:12387: checking for library containing timer_create
configure:12418: gcc -o conftest -g -O2   conftest.c -lm  >&5
/tmp/ccDtRBxC.o: In function `main':
/home/ubuntu/hongdal-clickos-cloudlab-54a46bd6f27d/openvswitch-2.3.1/conftest.c:39: undefined reference to `timer_create'
collect2: error: ld returned 1 exit status
configure:12418: $? = 1
configure: failed program was:
| /* confdefs.h */
| #define PACKAGE_NAME "openvswitch"
| #define PACKAGE_TARNAME "openvswitch"
| #define PACKAGE_VERSION "2.3.1"
| #define PACKAGE_STRING "openvswitch 2.3.1"
| #define PACKAGE_BUGREPORT "bugs@openvswitch.org"
| #define PACKAGE_URL ""
| #define PACKAGE "openvswitch"
| #define VERSION "2.3.1"
| #define STDC_HEADERS 1
| #define HAVE_SYS_TYPES_H 1
| #define HAVE_SYS_STAT_H 1
| #define HAVE_STDLIB_H 1
| #define HAVE_STRING_H 1
| #define HAVE_MEMORY_H 1
| #define HAVE_STRINGS_H 1
| #define HAVE_INTTYPES_H 1
| #define HAVE_STDINT_H 1
| #define HAVE_UNISTD_H 1
| #define __EXTENSIONS__ 1
| #define _ALL_SOURCE 1
| #define _GNU_SOURCE 1
| #define _POSIX_PTHREAD_SEMANTICS 1
| #define _TANDEM_SOURCE 1
| #define HAVE_DLFCN_H 1
| #define LT_OBJDIR ".libs/"
| /* end confdefs.h.  */
| 
| /* Override any GCC internal prototype to avoid an error.
|    Use char because int might match the return type of a GCC
|    builtin and then its argument prototype would still apply.  */
| #ifdef __cplusplus
| extern "C"
| #endif
| char timer_create ();
| int
| main ()
| {
| return timer_create ();
|   ;
|   return 0;
| }
configure:12418: gcc -o conftest -g -O2   conftest.c -lrt  -lm  >&5
configure:12418: $? = 0
configure:12435: result: -lrt
configure:12443: checking for library containing pthread_sigmask
configure:12474: gcc -o conftest -g -O2   conftest.c -lrt -lm  >&5
/tmp/ccNb34JM.o: In function `main':
/home/ubuntu/hongdal-clickos-cloudlab-54a46bd6f27d/openvswitch-2.3.1/conftest.c:39: undefined reference to `pthread_sigmask'
collect2: error: ld returned 1 exit status
configure:12474: $? = 1
configure: failed program was:
| /* confdefs.h */
| #define PACKAGE_NAME "openvswitch"
| #define PACKAGE_TARNAME "openvswitch"
| #define PACKAGE_VERSION "2.3.1"
| #define PACKAGE_STRING "openvswitch 2.3.1"
| #define PACKAGE_BUGREPORT "bugs@openvswitch.org"
| #define PACKAGE_URL ""
| #define PACKAGE "openvswitch"
| #define VERSION "2.3.1"
| #define STDC_HEADERS 1
| #define HAVE_SYS_TYPES_H 1
| #define HAVE_SYS_STAT_H 1
| #define HAVE_STDLIB_H 1
| #define HAVE_STRING_H 1
| #define HAVE_MEMORY_H 1
| #define HAVE_STRINGS_H 1
| #define HAVE_INTTYPES_H 1
| #define HAVE_STDINT_H 1
| #define HAVE_UNISTD_H 1
| #define __EXTENSIONS__ 1
| #define _ALL_SOURCE 1
| #define _GNU_SOURCE 1
| #define _POSIX_PTHREAD_SEMANTICS 1
| #define _TANDEM_SOURCE 1
| #define HAVE_DLFCN_H 1
| #define LT_OBJDIR ".libs/"
| /* end confdefs.h.  */
| 
| /* Override any GCC internal prototype to avoid an error.
|    Use char because int might match the return type of a GCC
|    builtin and then its argument prototype would still apply.  */
| #ifdef __cplusplus
| extern "C"
| #endif
| char pthread_sigmask ();
| int
| main ()
| {
| return pthread_sigmask ();
|   ;
|   return 0;
| }
configure:12474: gcc -o conftest -g -O2   conftest.c -lpthread  -lrt -lm  >&5
configure:12474: $? = 0
configure:12491: result: -lpthread
configure:12499: checking whether strerror_r is declared
configure:12499: gcc -c -g -O2  conftest.c >&5
configure:12499: $? = 0
configure:12499: result: yes
configure:12512: checking for strerror_r
configure:12512: gcc -o conftest -g -O2   conftest.c -lpthread -lrt -lm  >&5
configure:12512: $? = 0
configure:12512: result: yes
configure:12521: checking whether strerror_r returns char *
configure:12545: gcc -c -g -O2  conftest.c >&5
configure:12545: $? = 0
configure:12583: result: yes
configure:12592: checking vmware.h usability
configure:12592: gcc -c -g -O2  conftest.c >&5
conftest.c:64:20: fatal error: vmware.h: No such file or directory
 #include <vmware.h>
                    ^
compilation terminated.
configure:12592: $? = 1
configure: failed program was:
| /* confdefs.h */
| #define PACKAGE_NAME "openvswitch"
| #define PACKAGE_TARNAME "openvswitch"
| #define PACKAGE_VERSION "2.3.1"
| #define PACKAGE_STRING "openvswitch 2.3.1"
| #define PACKAGE_BUGREPORT "bugs@openvswitch.org"
| #define PACKAGE_URL ""
| #define PACKAGE "openvswitch"
| #define VERSION "2.3.1"
| #define STDC_HEADERS 1
| #define HAVE_SYS_TYPES_H 1
| #define HAVE_SYS_STAT_H 1
| #define HAVE_STDLIB_H 1
| #define HAVE_STRING_H 1
| #define HAVE_MEMORY_H 1
| #define HAVE_STRINGS_H 1
| #define HAVE_INTTYPES_H 1
| #define HAVE_STDINT_H 1
| #define HAVE_UNISTD_H 1
| #define __EXTENSIONS__ 1
| #define _ALL_SOURCE 1
| #define _GNU_SOURCE 1
| #define _POSIX_PTHREAD_SEMANTICS 1
| #define _TANDEM_SOURCE 1
| #define HAVE_DLFCN_H 1
| #define LT_OBJDIR ".libs/"
| #define HAVE_DECL_STRERROR_R 1
| #define HAVE_STRERROR_R 1
| #define STRERROR_R_CHAR_P 1
| /* end confdefs.h.  */
| #include <stdio.h>
| #ifdef HAVE_SYS_TYPES_H
| # include <sys/types.h>
| #endif
| #ifdef HAVE_SYS_STAT_H
| # include <sys/stat.h>
| #endif
| #ifdef STDC_HEADERS
| # include <stdlib.h>
| # include <stddef.h>
| #else
| # ifdef HAVE_STDLIB_H
| #  include <stdlib.h>
| # endif
| #endif
| #ifdef HAVE_STRING_H
| # if !defined STDC_HEADERS && defined HAVE_MEMORY_H
| #  include <memory.h>
| # endif
| # include <string.h>
| #endif
| #ifdef HAVE_STRINGS_H
| # include <strings.h>
| #endif
| #ifdef HAVE_INTTYPES_H
| # include <inttypes.h>
| #endif
| #ifdef HAVE_STDINT_H
| # include <stdint.h>
| #endif
| #ifdef HAVE_UNISTD_H
| # include <unistd.h>
| #endif
| #include <vmware.h>
configure:12592: result: no
configure:12592: checking vmware.h presence
configure:12592: gcc -E  conftest.c
conftest.c:31:20: fatal error: vmware.h: No such file or directory
 #include <vmware.h>
                    ^
compilation terminated.
configure:12592: $? = 1
configure: failed program was:
| /* confdefs.h */
| #define PACKAGE_NAME "openvswitch"
| #define PACKAGE_TARNAME "openvswitch"
| #define PACKAGE_VERSION "2.3.1"
| #define PACKAGE_STRING "openvswitch 2.3.1"
| #define PACKAGE_BUGREPORT "bugs@openvswitch.org"
| #define PACKAGE_URL ""
| #define PACKAGE "openvswitch"
| #define VERSION "2.3.1"
| #define STDC_HEADERS 1
| #define HAVE_SYS_TYPES_H 1
| #define HAVE_SYS_STAT_H 1
| #define HAVE_STDLIB_H 1
| #define HAVE_STRING_H 1
| #define HAVE_MEMORY_H 1
| #define HAVE_STRINGS_H 1
| #define HAVE_INTTYPES_H 1
| #define HAVE_STDINT_H 1
| #define HAVE_UNISTD_H 1
| #define __EXTENSIONS__ 1
| #define _ALL_SOURCE 1
| #define _GNU_SOURCE 1
| #define _POSIX_PTHREAD_SEMANTICS 1
| #define _TANDEM_SOURCE 1
| #define HAVE_DLFCN_H 1
| #define LT_OBJDIR ".libs/"
| #define HAVE_DECL_STRERROR_R 1
| #define HAVE_STRERROR_R 1
| #define STRERROR_R_CHAR_P 1
| /* end confdefs.h.  */
| #include <vmware.h>
configure:12592: result: no
configure:12592: checking for vmware.h
configure:12592: result: no
configure:12613: checking windows.h usability
configure:12613: gcc -c -g -O2  conftest.c >&5
conftest.c:64:21: fatal error: windows.h: No such file or directory
 #include <windows.h>
                     ^
compilation terminated.
configure:12613: $? = 1
configure: failed program was:
| /* confdefs.h */
| #define PACKAGE_NAME "openvswitch"
| #define PACKAGE_TARNAME "openvswitch"
| #define PACKAGE_VERSION "2.3.1"
| #define PACKAGE_STRING "openvswitch 2.3.1"
| #define PACKAGE_BUGREPORT "bugs@openvswitch.org"
| #define PACKAGE_URL ""
| #define PACKAGE "openvswitch"
| #define VERSION "2.3.1"
| #define STDC_HEADERS 1
| #define HAVE_SYS_TYPES_H 1
| #define HAVE_SYS_STAT_H 1
| #define HAVE_STDLIB_H 1
| #define HAVE_STRING_H 1
| #define HAVE_MEMORY_H 1
| #define HAVE_STRINGS_H 1
| #define HAVE_INTTYPES_H 1
| #define HAVE_STDINT_H 1
| #define HAVE_UNISTD_H 1
| #define __EXTENSIONS__ 1
| #define _ALL_SOURCE 1
| #define _GNU_SOURCE 1
| #define _POSIX_PTHREAD_SEMANTICS 1
| #define _TANDEM_SOURCE 1
| #define HAVE_DLFCN_H 1
| #define LT_OBJDIR ".libs/"
| #define HAVE_DECL_STRERROR_R 1
| #define HAVE_STRERROR_R 1
| #define STRERROR_R_CHAR_P 1
| /* end confdefs.h.  */
| #include <stdio.h>
| #ifdef HAVE_SYS_TYPES_H
| # include <sys/types.h>
| #endif
| #ifdef HAVE_SYS_STAT_H
| # include <sys/stat.h>
| #endif
| #ifdef STDC_HEADERS
| # include <stdlib.h>
| # include <stddef.h>
| #else
| # ifdef HAVE_STDLIB_H
| #  include <stdlib.h>
| # endif
| #endif
| #ifdef HAVE_STRING_H
| # if !defined STDC_HEADERS && defined HAVE_MEMORY_H
| #  include <memory.h>
| # endif
| # include <string.h>
| #endif
| #ifdef HAVE_STRINGS_H
| # include <strings.h>
| #endif
| #ifdef HAVE_INTTYPES_H
| # include <inttypes.h>
| #endif
| #ifdef HAVE_STDINT_H
| # include <stdint.h>
| #endif
| #ifdef HAVE_UNISTD_H
| # include <unistd.h>
| #endif
| #include <windows.h>
configure:12613: result: no
configure:12613: checking windows.h presence
configure:12613: gcc -E  conftest.c
conftest.c:31:21: fatal error: windows.h: No such file or directory
 #include <windows.h>
                     ^
compilation terminated.
configure:12613: $? = 1
configure: failed program was:
| /* confdefs.h */
| #define PACKAGE_NAME "openvswitch"
| #define PACKAGE_TARNAME "openvswitch"
| #define PACKAGE_VERSION "2.3.1"
| #define PACKAGE_STRING "openvswitch 2.3.1"
| #define PACKAGE_BUGREPORT "bugs@openvswitch.org"
| #define PACKAGE_URL ""
| #define PACKAGE "openvswitch"
| #define VERSION "2.3.1"
| #define STDC_HEADERS 1
| #define HAVE_SYS_TYPES_H 1
| #define HAVE_SYS_STAT_H 1
| #define HAVE_STDLIB_H 1
| #define HAVE_STRING_H 1
| #define HAVE_MEMORY_H 1
| #define HAVE_STRINGS_H 1
| #define HAVE_INTTYPES_H 1
| #define HAVE_STDINT_H 1
| #define HAVE_UNISTD_H 1
| #define __EXTENSIONS__ 1
| #define _ALL_SOURCE 1
| #define _GNU_SOURCE 1
| #define _POSIX_PTHREAD_SEMANTICS 1
| #define _TANDEM_SOURCE 1
| #define HAVE_DLFCN_H 1
| #define LT_OBJDIR ".libs/"
| #define HAVE_DECL_STRERROR_R 1
| #define HAVE_STRERROR_R 1
| #define STRERROR_R_CHAR_P 1
| /* end confdefs.h.  */
| #include <windows.h>
configure:12613: result: no
configure:12613: checking for windows.h
configure:12613: result: no
configure:12695: checking for linux/netlink.h
configure:12695: gcc -c -g -O2  conftest.c >&5
configure:12695: $? = 0
configure:12695: result: yes
configure:12751: checking for pkg-config
configure:12769: found /usr/bin/pkg-config
configure:12781: result: /usr/bin/pkg-config
configure:12841: checking whether compiling and linking against OpenSSL works
Trying link with SSL_LDFLAGS= ; SSL_LIBS=-lssl -lcrypto  ; SSL_INCLUDES= 
configure:12863: gcc -o conftest -g -O2       conftest.c -lssl -lcrypto   -lpthread -lrt -lm  >&5
configure:12863: $? = 0
configure:12865: result: yes
configure:12928: checking for Python 2.x for x >= 4
configure:12954: result: /usr/bin/python
configure:12975: checking for uuid Python module
running /usr/bin/python -c 'import uuid
import sys
sys.exit(0)'...
configure:12992: result: yes
configure:12999: checking whether to add python/compat to PYTHONPATH
configure:13001: result: no
configure:13011: checking for dot
configure:13022: result: no
configure:13032: checking net/if_packet.h usability
configure:13032: gcc -c -g -O2  conftest.c >&5
configure:13032: $? = 0
configure:13032: result: yes
configure:13032: checking net/if_packet.h presence
configure:13032: gcc -E  conftest.c
configure:13032: $? = 0
configure:13032: result: yes
configure:13032: checking for net/if_packet.h
configure:13032: result: yes
configure:13053: checking net/if_dl.h usability
configure:13053: gcc -c -g -O2  conftest.c >&5
conftest.c:67:23: fatal error: net/if_dl.h: No such file or directory
 #include <net/if_dl.h>
                       ^
compilation terminated.
configure:13053: $? = 1
configure: failed program was:
| /* confdefs.h */
| #define PACKAGE_NAME "openvswitch"
| #define PACKAGE_TARNAME "openvswitch"
| #define PACKAGE_VERSION "2.3.1"
| #define PACKAGE_STRING "openvswitch 2.3.1"
| #define PACKAGE_BUGREPORT "bugs@openvswitch.org"
| #define PACKAGE_URL ""
| #define PACKAGE "openvswitch"
| #define VERSION "2.3.1"
| #define STDC_HEADERS 1
| #define HAVE_SYS_TYPES_H 1
| #define HAVE_SYS_STAT_H 1
| #define HAVE_STDLIB_H 1
| #define HAVE_STRING_H 1
| #define HAVE_MEMORY_H 1
| #define HAVE_STRINGS_H 1
| #define HAVE_INTTYPES_H 1
| #define HAVE_STDINT_H 1
| #define HAVE_UNISTD_H 1
| #define __EXTENSIONS__ 1
| #define _ALL_SOURCE 1
| #define _GNU_SOURCE 1
| #define _POSIX_PTHREAD_SEMANTICS 1
| #define _TANDEM_SOURCE 1
| #define HAVE_DLFCN_H 1
| #define LT_OBJDIR ".libs/"
| #define HAVE_DECL_STRERROR_R 1
| #define HAVE_STRERROR_R 1
| #define STRERROR_R_CHAR_P 1
| #define HAVE_NETLINK 1
| #define HAVE_OPENSSL 1
| #define HAVE_IF_PACKET 1
| /* end confdefs.h.  */
| #include <stdio.h>
| #ifdef HAVE_SYS_TYPES_H
| # include <sys/types.h>
| #endif
| #ifdef HAVE_SYS_STAT_H
| # include <sys/stat.h>
| #endif
| #ifdef STDC_HEADERS
| # include <stdlib.h>
| # include <stddef.h>
| #else
| # ifdef HAVE_STDLIB_H
| #  include <stdlib.h>
| # endif
| #endif
| #ifdef HAVE_STRING_H
| # if !defined STDC_HEADERS && defined HAVE_MEMORY_H
| #  include <memory.h>
| # endif
| # include <string.h>
| #endif
| #ifdef HAVE_STRINGS_H
| # include <strings.h>
| #endif
| #ifdef HAVE_INTTYPES_H
| # include <inttypes.h>
| #endif
| #ifdef HAVE_STDINT_H
| # include <stdint.h>
| #endif
| #ifdef HAVE_UNISTD_H
| # include <unistd.h>
| #endif
| #include <net/if_dl.h>
configure:13053: result: no
configure:13053: checking net/if_dl.h presence
configure:13053: gcc -E  conftest.c
conftest.c:34:23: fatal error: net/if_dl.h: No such file or directory
 #include <net/if_dl.h>
                       ^
compilation terminated.
configure:13053: $? = 1
configure: failed program was:
| /* confdefs.h */
| #define PACKAGE_NAME "openvswitch"
| #define PACKAGE_TARNAME "openvswitch"
| #define PACKAGE_VERSION "2.3.1"
| #define PACKAGE_STRING "openvswitch 2.3.1"
| #define PACKAGE_BUGREPORT "bugs@openvswitch.org"
| #define PACKAGE_URL ""
| #define PACKAGE "openvswitch"
| #define VERSION "2.3.1"
| #define STDC_HEADERS 1
| #define HAVE_SYS_TYPES_H 1
| #define HAVE_SYS_STAT_H 1
| #define HAVE_STDLIB_H 1
| #define HAVE_STRING_H 1
| #define HAVE_MEMORY_H 1
| #define HAVE_STRINGS_H 1
| #define HAVE_INTTYPES_H 1
| #define HAVE_STDINT_H 1
| #define HAVE_UNISTD_H 1
| #define __EXTENSIONS__ 1
| #define _ALL_SOURCE 1
| #define _GNU_SOURCE 1
| #define _POSIX_PTHREAD_SEMANTICS 1
| #define _TANDEM_SOURCE 1
| #define HAVE_DLFCN_H 1
| #define LT_OBJDIR ".libs/"
| #define HAVE_DECL_STRERROR_R 1
| #define HAVE_STRERROR_R 1
| #define STRERROR_R_CHAR_P 1
| #define HAVE_NETLINK 1
| #define HAVE_OPENSSL 1
| #define HAVE_IF_PACKET 1
| /* end confdefs.h.  */
| #include <net/if_dl.h>
configure:13053: result: no
configure:13053: checking for net/if_dl.h
configure:13053: result: no
configure:13132: checking whether strtok_r macro segfaults on some inputs
configure:13161: gcc -o conftest -g -O2   conftest.c -lpthread -lrt -lm  >&5
conftest.c: In function 'main':
conftest.c:45:36: warning: ignoring return value of 'freopen', declared with attribute warn_unused_result [-Wunused-result]
                            freopen ("/dev/null", "w", stdout);
                                    ^
configure:13161: $? = 0
configure:13161: ./conftest
configure:13161: $? = 0
configure:13171: result: no
configure:13179: checking whether sys_siglist is declared
configure:13179: gcc -c -g -O2  conftest.c >&5
configure:13179: $? = 0
configure:13179: result: yes
configure:13191: checking for struct stat.st_mtim.tv_nsec
configure:13191: gcc -c -g -O2  conftest.c >&5
configure:13191: $? = 0
configure:13191: result: yes
configure:13201: checking for struct stat.st_mtimensec
configure:13201: gcc -c -g -O2  conftest.c >&5
conftest.c: In function 'main':
conftest.c:42:12: error: 'struct stat' has no member named 'st_mtimensec'
 if (ac_aggr.st_mtimensec)
            ^
configure:13201: $? = 1
configure: failed program was:
| /* confdefs.h */
| #define PACKAGE_NAME "openvswitch"
| #define PACKAGE_TARNAME "openvswitch"
| #define PACKAGE_VERSION "2.3.1"
| #define PACKAGE_STRING "openvswitch 2.3.1"
| #define PACKAGE_BUGREPORT "bugs@openvswitch.org"
| #define PACKAGE_URL ""
| #define PACKAGE "openvswitch"
| #define VERSION "2.3.1"
| #define STDC_HEADERS 1
| #define HAVE_SYS_TYPES_H 1
| #define HAVE_SYS_STAT_H 1
| #define HAVE_STDLIB_H 1
| #define HAVE_STRING_H 1
| #define HAVE_MEMORY_H 1
| #define HAVE_STRINGS_H 1
| #define HAVE_INTTYPES_H 1
| #define HAVE_STDINT_H 1
| #define HAVE_UNISTD_H 1
| #define __EXTENSIONS__ 1
| #define _ALL_SOURCE 1
| #define _GNU_SOURCE 1
| #define _POSIX_PTHREAD_SEMANTICS 1
| #define _TANDEM_SOURCE 1
| #define HAVE_DLFCN_H 1
| #define LT_OBJDIR ".libs/"
| #define HAVE_DECL_STRERROR_R 1
| #define HAVE_STRERROR_R 1
| #define STRERROR_R_CHAR_P 1
| #define HAVE_NETLINK 1
| #define HAVE_OPENSSL 1
| #define HAVE_IF_PACKET 1
| #define HAVE_DECL_SYS_SIGLIST 1
| #define HAVE_STRUCT_STAT_ST_MTIM_TV_NSEC 1
| /* end confdefs.h.  */
| #include <sys/stat.h>
| 
| int
| main ()
| {
| static struct stat ac_aggr;
| if (ac_aggr.st_mtimensec)
| return 0;
|   ;
|   return 0;
| }
configure:13201: gcc -c -g -O2  conftest.c >&5
conftest.c: In function 'main':
conftest.c:42:19: error: 'struct stat' has no member named 'st_mtimensec'
 if (sizeof ac_aggr.st_mtimensec)
                   ^
configure:13201: $? = 1
configure: failed program was:
| /* confdefs.h */
| #define PACKAGE_NAME "openvswitch"
| #define PACKAGE_TARNAME "openvswitch"
| #define PACKAGE_VERSION "2.3.1"
| #define PACKAGE_STRING "openvswitch 2.3.1"
| #define PACKAGE_BUGREPORT "bugs@openvswitch.org"
| #define PACKAGE_URL ""
| #define PACKAGE "openvswitch"
| #define VERSION "2.3.1"
| #define STDC_HEADERS 1
| #define HAVE_SYS_TYPES_H 1
| #define HAVE_SYS_STAT_H 1
| #define HAVE_STDLIB_H 1
| #define HAVE_STRING_H 1
| #define HAVE_MEMORY_H 1
| #define HAVE_STRINGS_H 1
| #define HAVE_INTTYPES_H 1
| #define HAVE_STDINT_H 1
| #define HAVE_UNISTD_H 1
| #define __EXTENSIONS__ 1
| #define _ALL_SOURCE 1
| #define _GNU_SOURCE 1
| #define _POSIX_PTHREAD_SEMANTICS 1
| #define _TANDEM_SOURCE 1
| #define HAVE_DLFCN_H 1
| #define LT_OBJDIR ".libs/"
| #define HAVE_DECL_STRERROR_R 1
| #define HAVE_STRERROR_R 1
| #define STRERROR_R_CHAR_P 1
| #define HAVE_NETLINK 1
| #define HAVE_OPENSSL 1
| #define HAVE_IF_PACKET 1
| #define HAVE_DECL_SYS_SIGLIST 1
| #define HAVE_STRUCT_STAT_ST_MTIM_TV_NSEC 1
| /* end confdefs.h.  */
| #include <sys/stat.h>
| 
| int
| main ()
| {
| static struct stat ac_aggr;
| if (sizeof ac_aggr.st_mtimensec)
| return 0;
|   ;
|   return 0;
| }
configure:13201: result: no
configure:13212: checking for struct ifreq.ifr_flagshigh
configure:13212: gcc -c -g -O2  conftest.c >&5
conftest.c: In function 'main':
conftest.c:42:12: error: 'struct ifreq' has no member named 'ifr_flagshigh'
 if (ac_aggr.ifr_flagshigh)
            ^
configure:13212: $? = 1
configure: failed program was:
| /* confdefs.h */
| #define PACKAGE_NAME "openvswitch"
| #define PACKAGE_TARNAME "openvswitch"
| #define PACKAGE_VERSION "2.3.1"
| #define PACKAGE_STRING "openvswitch 2.3.1"
| #define PACKAGE_BUGREPORT "bugs@openvswitch.org"
| #define PACKAGE_URL ""
| #define PACKAGE "openvswitch"
| #define VERSION "2.3.1"
| #define STDC_HEADERS 1
| #define HAVE_SYS_TYPES_H 1
| #define HAVE_SYS_STAT_H 1
| #define HAVE_STDLIB_H 1
| #define HAVE_STRING_H 1
| #define HAVE_MEMORY_H 1
| #define HAVE_STRINGS_H 1
| #define HAVE_INTTYPES_H 1
| #define HAVE_STDINT_H 1
| #define HAVE_UNISTD_H 1
| #define __EXTENSIONS__ 1
| #define _ALL_SOURCE 1
| #define _GNU_SOURCE 1
| #define _POSIX_PTHREAD_SEMANTICS 1
| #define _TANDEM_SOURCE 1
| #define HAVE_DLFCN_H 1
| #define LT_OBJDIR ".libs/"
| #define HAVE_DECL_STRERROR_R 1
| #define HAVE_STRERROR_R 1
| #define STRERROR_R_CHAR_P 1
| #define HAVE_NETLINK 1
| #define HAVE_OPENSSL 1
| #define HAVE_IF_PACKET 1
| #define HAVE_DECL_SYS_SIGLIST 1
| #define HAVE_STRUCT_STAT_ST_MTIM_TV_NSEC 1
| /* end confdefs.h.  */
| #include <net/if.h>
| 
| int
| main ()
| {
| static struct ifreq ac_aggr;
| if (ac_aggr.ifr_flagshigh)
| return 0;
|   ;
|   return 0;
| }
configure:13212: gcc -c -g -O2  conftest.c >&5
conftest.c: In function 'main':
conftest.c:42:19: error: 'struct ifreq' has no member named 'ifr_flagshigh'
 if (sizeof ac_aggr.ifr_flagshigh)
                   ^
configure:13212: $? = 1
configure: failed program was:
| /* confdefs.h */
| #define PACKAGE_NAME "openvswitch"
| #define PACKAGE_TARNAME "openvswitch"
| #define PACKAGE_VERSION "2.3.1"
| #define PACKAGE_STRING "openvswitch 2.3.1"
| #define PACKAGE_BUGREPORT "bugs@openvswitch.org"
| #define PACKAGE_URL ""
| #define PACKAGE "openvswitch"
| #define VERSION "2.3.1"
| #define STDC_HEADERS 1
| #define HAVE_SYS_TYPES_H 1
| #define HAVE_SYS_STAT_H 1
| #define HAVE_STDLIB_H 1
| #define HAVE_STRING_H 1
| #define HAVE_MEMORY_H 1
| #define HAVE_STRINGS_H 1
| #define HAVE_INTTYPES_H 1
| #define HAVE_STDINT_H 1
| #define HAVE_UNISTD_H 1
| #define __EXTENSIONS__ 1
| #define _ALL_SOURCE 1
| #define _GNU_SOURCE 1
| #define _POSIX_PTHREAD_SEMANTICS 1
| #define _TANDEM_SOURCE 1
| #define HAVE_DLFCN_H 1
| #define LT_OBJDIR ".libs/"
| #define HAVE_DECL_STRERROR_R 1
| #define HAVE_STRERROR_R 1
| #define STRERROR_R_CHAR_P 1
| #define HAVE_NETLINK 1
| #define HAVE_OPENSSL 1
| #define HAVE_IF_PACKET 1
| #define HAVE_DECL_SYS_SIGLIST 1
| #define HAVE_STRUCT_STAT_ST_MTIM_TV_NSEC 1
| /* end confdefs.h.  */
| #include <net/if.h>
| 
| int
| main ()
| {
| static struct ifreq ac_aggr;
| if (sizeof ac_aggr.ifr_flagshigh)
| return 0;
|   ;
|   return 0;
| }
configure:13212: result: no
configure:13226: checking for mlockall
configure:13226: gcc -o conftest -g -O2   conftest.c -lpthread -lrt -lm  >&5
configure:13226: $? = 0
configure:13226: result: yes
configure:13226: checking for strnlen
configure:13226: gcc -o conftest -g -O2   conftest.c -lpthread -lrt -lm  >&5
configure:13226: $? = 0
configure:13226: result: yes
configure:13226: checking for getloadavg
configure:13226: gcc -o conftest -g -O2   conftest.c -lpthread -lrt -lm  >&5
configure:13226: $? = 0
configure:13226: result: yes
configure:13226: checking for statvfs
configure:13226: gcc -o conftest -g -O2   conftest.c -lpthread -lrt -lm  >&5
configure:13226: $? = 0
configure:13226: result: yes
configure:13226: checking for getmntent_r
configure:13226: gcc -o conftest -g -O2   conftest.c -lpthread -lrt -lm  >&5
configure:13226: $? = 0
configure:13226: result: yes
configure:13238: checking mntent.h usability
configure:13238: gcc -c -g -O2  conftest.c >&5
configure:13238: $? = 0
configure:13238: result: yes
configure:13238: checking mntent.h presence
configure:13238: gcc -E  conftest.c
configure:13238: $? = 0
configure:13238: result: yes
configure:13238: checking for mntent.h
configure:13238: result: yes
configure:13238: checking sys/statvfs.h usability
configure:13238: gcc -c -g -O2  conftest.c >&5
configure:13238: $? = 0
configure:13238: result: yes
configure:13238: checking sys/statvfs.h presence
configure:13238: gcc -E  conftest.c
configure:13238: $? = 0
configure:13238: result: yes
configure:13238: checking for sys/statvfs.h
configure:13238: result: yes
configure:13238: checking linux/types.h usability
configure:13238: gcc -c -g -O2  conftest.c >&5
configure:13238: $? = 0
configure:13238: result: yes
configure:13238: checking linux/types.h presence
configure:13238: gcc -E  conftest.c
configure:13238: $? = 0
configure:13238: result: yes
configure:13238: checking for linux/types.h
configure:13238: result: yes
configure:13238: checking linux/if_ether.h usability
configure:13238: gcc -c -g -O2  conftest.c >&5
configure:13238: $? = 0
configure:13238: result: yes
configure:13238: checking linux/if_ether.h presence
configure:13238: gcc -E  conftest.c
configure:13238: $? = 0
configure:13238: result: yes
configure:13238: checking for linux/if_ether.h
configure:13238: result: yes
configure:13238: checking stdatomic.h usability
configure:13238: gcc -c -g -O2  conftest.c >&5
conftest.c:78:23: fatal error: stdatomic.h: No such file or directory
 #include <stdatomic.h>
                       ^
compilation terminated.
configure:13238: $? = 1
configure: failed program was:
| /* confdefs.h */
| #define PACKAGE_NAME "openvswitch"
| #define PACKAGE_TARNAME "openvswitch"
| #define PACKAGE_VERSION "2.3.1"
| #define PACKAGE_STRING "openvswitch 2.3.1"
| #define PACKAGE_BUGREPORT "bugs@openvswitch.org"
| #define PACKAGE_URL ""
| #define PACKAGE "openvswitch"
| #define VERSION "2.3.1"
| #define STDC_HEADERS 1
| #define HAVE_SYS_TYPES_H 1
| #define HAVE_SYS_STAT_H 1
| #define HAVE_STDLIB_H 1
| #define HAVE_STRING_H 1
| #define HAVE_MEMORY_H 1
| #define HAVE_STRINGS_H 1
| #define HAVE_INTTYPES_H 1
| #define HAVE_STDINT_H 1
| #define HAVE_UNISTD_H 1
| #define __EXTENSIONS__ 1
| #define _ALL_SOURCE 1
| #define _GNU_SOURCE 1
| #define _POSIX_PTHREAD_SEMANTICS 1
| #define _TANDEM_SOURCE 1
| #define HAVE_DLFCN_H 1
| #define LT_OBJDIR ".libs/"
| #define HAVE_DECL_STRERROR_R 1
| #define HAVE_STRERROR_R 1
| #define STRERROR_R_CHAR_P 1
| #define HAVE_NETLINK 1
| #define HAVE_OPENSSL 1
| #define HAVE_IF_PACKET 1
| #define HAVE_DECL_SYS_SIGLIST 1
| #define HAVE_STRUCT_STAT_ST_MTIM_TV_NSEC 1
| #define HAVE_MLOCKALL 1
| #define HAVE_STRNLEN 1
| #define HAVE_GETLOADAVG 1
| #define HAVE_STATVFS 1
| #define HAVE_GETMNTENT_R 1
| #define HAVE_MNTENT_H 1
| #define HAVE_SYS_STATVFS_H 1
| #define HAVE_LINUX_TYPES_H 1
| #define HAVE_LINUX_IF_ETHER_H 1
| /* end confdefs.h.  */
| #include <stdio.h>
| #ifdef HAVE_SYS_TYPES_H
| # include <sys/types.h>
| #endif
| #ifdef HAVE_SYS_STAT_H
| # include <sys/stat.h>
| #endif
| #ifdef STDC_HEADERS
| # include <stdlib.h>
| # include <stddef.h>
| #else
| # ifdef HAVE_STDLIB_H
| #  include <stdlib.h>
| # endif
| #endif
| #ifdef HAVE_STRING_H
| # if !defined STDC_HEADERS && defined HAVE_MEMORY_H
| #  include <memory.h>
| # endif
| # include <string.h>
| #endif
| #ifdef HAVE_STRINGS_H
| # include <strings.h>
| #endif
| #ifdef HAVE_INTTYPES_H
| # include <inttypes.h>
| #endif
| #ifdef HAVE_STDINT_H
| # include <stdint.h>
| #endif
| #ifdef HAVE_UNISTD_H
| # include <unistd.h>
| #endif
| #include <stdatomic.h>
configure:13238: result: no
configure:13238: checking stdatomic.h presence
configure:13238: gcc -E  conftest.c
conftest.c:45:23: fatal error: stdatomic.h: No such file or directory
 #include <stdatomic.h>
                       ^
compilation terminated.
configure:13238: $? = 1
configure: failed program was:
| /* confdefs.h */
| #define PACKAGE_NAME "openvswitch"
| #define PACKAGE_TARNAME "openvswitch"
| #define PACKAGE_VERSION "2.3.1"
| #define PACKAGE_STRING "openvswitch 2.3.1"
| #define PACKAGE_BUGREPORT "bugs@openvswitch.org"
| #define PACKAGE_URL ""
| #define PACKAGE "openvswitch"
| #define VERSION "2.3.1"
| #define STDC_HEADERS 1
| #define HAVE_SYS_TYPES_H 1
| #define HAVE_SYS_STAT_H 1
| #define HAVE_STDLIB_H 1
| #define HAVE_STRING_H 1
| #define HAVE_MEMORY_H 1
| #define HAVE_STRINGS_H 1
| #define HAVE_INTTYPES_H 1
| #define HAVE_STDINT_H 1
| #define HAVE_UNISTD_H 1
| #define __EXTENSIONS__ 1
| #define _ALL_SOURCE 1
| #define _GNU_SOURCE 1
| #define _POSIX_PTHREAD_SEMANTICS 1
| #define _TANDEM_SOURCE 1
| #define HAVE_DLFCN_H 1
| #define LT_OBJDIR ".libs/"
| #define HAVE_DECL_STRERROR_R 1
| #define HAVE_STRERROR_R 1
| #define STRERROR_R_CHAR_P 1
| #define HAVE_NETLINK 1
| #define HAVE_OPENSSL 1
| #define HAVE_IF_PACKET 1
| #define HAVE_DECL_SYS_SIGLIST 1
| #define HAVE_STRUCT_STAT_ST_MTIM_TV_NSEC 1
| #define HAVE_MLOCKALL 1
| #define HAVE_STRNLEN 1
| #define HAVE_GETLOADAVG 1
| #define HAVE_STATVFS 1
| #define HAVE_GETMNTENT_R 1
| #define HAVE_MNTENT_H 1
| #define HAVE_SYS_STATVFS_H 1
| #define HAVE_LINUX_TYPES_H 1
| #define HAVE_LINUX_IF_ETHER_H 1
| /* end confdefs.h.  */
| #include <stdatomic.h>
configure:13238: result: no
configure:13238: checking for stdatomic.h
configure:13238: result: no
configure:13250: checking for net/if_mib.h
configure:13250: gcc -c -g -O2  conftest.c >&5
conftest.c:48:24: fatal error: net/if_mib.h: No such file or directory
 #include <net/if_mib.h>
                        ^
compilation terminated.
configure:13250: $? = 1
configure: failed program was:
| /* confdefs.h */
| #define PACKAGE_NAME "openvswitch"
| #define PACKAGE_TARNAME "openvswitch"
| #define PACKAGE_VERSION "2.3.1"
| #define PACKAGE_STRING "openvswitch 2.3.1"
| #define PACKAGE_BUGREPORT "bugs@openvswitch.org"
| #define PACKAGE_URL ""
| #define PACKAGE "openvswitch"
| #define VERSION "2.3.1"
| #define STDC_HEADERS 1
| #define HAVE_SYS_TYPES_H 1
| #define HAVE_SYS_STAT_H 1
| #define HAVE_STDLIB_H 1
| #define HAVE_STRING_H 1
| #define HAVE_MEMORY_H 1
| #define HAVE_STRINGS_H 1
| #define HAVE_INTTYPES_H 1
| #define HAVE_STDINT_H 1
| #define HAVE_UNISTD_H 1
| #define __EXTENSIONS__ 1
| #define _ALL_SOURCE 1
| #define _GNU_SOURCE 1
| #define _POSIX_PTHREAD_SEMANTICS 1
| #define _TANDEM_SOURCE 1
| #define HAVE_DLFCN_H 1
| #define LT_OBJDIR ".libs/"
| #define HAVE_DECL_STRERROR_R 1
| #define HAVE_STRERROR_R 1
| #define STRERROR_R_CHAR_P 1
| #define HAVE_NETLINK 1
| #define HAVE_OPENSSL 1
| #define HAVE_IF_PACKET 1
| #define HAVE_DECL_SYS_SIGLIST 1
| #define HAVE_STRUCT_STAT_ST_MTIM_TV_NSEC 1
| #define HAVE_MLOCKALL 1
| #define HAVE_STRNLEN 1
| #define HAVE_GETLOADAVG 1
| #define HAVE_STATVFS 1
| #define HAVE_GETMNTENT_R 1
| #define HAVE_MNTENT_H 1
| #define HAVE_SYS_STATVFS_H 1
| #define HAVE_LINUX_TYPES_H 1
| #define HAVE_LINUX_IF_ETHER_H 1
| /* end confdefs.h.  */
| #include <sys/types.h>
| #include <net/if.h>
| 
| #include <net/if_mib.h>
configure:13250: result: no
configure:13290: checking for library containing backtrace
configure:13321: gcc -o conftest -g -O2   conftest.c -lpthread -lrt -lm  >&5
configure:13321: $? = 0
configure:13338: result: none required
configure:13348: checking whether libc supports hooks for malloc and related functions
configure:13367: gcc -c -g -O2  conftest.c >&5
conftest.c: In function 'main':
conftest.c:51:1: warning: '__malloc_hook' is deprecated (declared at /usr/include/malloc.h:153) [-Wdeprecated-declarations]
 (void) __malloc_hook;
 ^
conftest.c:52:11: warning: '__realloc_hook' is deprecated (declared at /usr/include/malloc.h:156) [-Wdeprecated-declarations]
           (void) __realloc_hook;
           ^
conftest.c:53:11: warning: '__free_hook' is deprecated (declared at /usr/include/malloc.h:150) [-Wdeprecated-declarations]
           (void) __free_hook;
           ^
configure:13367: $? = 0
configure:13374: result: yes
configure:13383: checking valgrind/valgrind.h usability
configure:13383: gcc -c -g -O2  conftest.c >&5
conftest.c:80:31: fatal error: valgrind/valgrind.h: No such file or directory
 #include <valgrind/valgrind.h>
                               ^
compilation terminated.
configure:13383: $? = 1
configure: failed program was:
| /* confdefs.h */
| #define PACKAGE_NAME "openvswitch"
| #define PACKAGE_TARNAME "openvswitch"
| #define PACKAGE_VERSION "2.3.1"
| #define PACKAGE_STRING "openvswitch 2.3.1"
| #define PACKAGE_BUGREPORT "bugs@openvswitch.org"
| #define PACKAGE_URL ""
| #define PACKAGE "openvswitch"
| #define VERSION "2.3.1"
| #define STDC_HEADERS 1
| #define HAVE_SYS_TYPES_H 1
| #define HAVE_SYS_STAT_H 1
| #define HAVE_STDLIB_H 1
| #define HAVE_STRING_H 1
| #define HAVE_MEMORY_H 1
| #define HAVE_STRINGS_H 1
| #define HAVE_INTTYPES_H 1
| #define HAVE_STDINT_H 1
| #define HAVE_UNISTD_H 1
| #define __EXTENSIONS__ 1
| #define _ALL_SOURCE 1
| #define _GNU_SOURCE 1
| #define _POSIX_PTHREAD_SEMANTICS 1
| #define _TANDEM_SOURCE 1
| #define HAVE_DLFCN_H 1
| #define LT_OBJDIR ".libs/"
| #define HAVE_DECL_STRERROR_R 1
| #define HAVE_STRERROR_R 1
| #define STRERROR_R_CHAR_P 1
| #define HAVE_NETLINK 1
| #define HAVE_OPENSSL 1
| #define HAVE_IF_PACKET 1
| #define HAVE_DECL_SYS_SIGLIST 1
| #define HAVE_STRUCT_STAT_ST_MTIM_TV_NSEC 1
| #define HAVE_MLOCKALL 1
| #define HAVE_STRNLEN 1
| #define HAVE_GETLOADAVG 1
| #define HAVE_STATVFS 1
| #define HAVE_GETMNTENT_R 1
| #define HAVE_MNTENT_H 1
| #define HAVE_SYS_STATVFS_H 1
| #define HAVE_LINUX_TYPES_H 1
| #define HAVE_LINUX_IF_ETHER_H 1
| #define HAVE_BACKTRACE 1
| #define HAVE_MALLOC_HOOKS 1
| /* end confdefs.h.  */
| #include <stdio.h>
| #ifdef HAVE_SYS_TYPES_H
| # include <sys/types.h>
| #endif
| #ifdef HAVE_SYS_STAT_H
| # include <sys/stat.h>
| #endif
| #ifdef STDC_HEADERS
| # include <stdlib.h>
| # include <stddef.h>
| #else
| # ifdef HAVE_STDLIB_H
| #  include <stdlib.h>
| # endif
| #endif
| #ifdef HAVE_STRING_H
| # if !defined STDC_HEADERS && defined HAVE_MEMORY_H
| #  include <memory.h>
| # endif
| # include <string.h>
| #endif
| #ifdef HAVE_STRINGS_H
| # include <strings.h>
| #endif
| #ifdef HAVE_INTTYPES_H
| # include <inttypes.h>
| #endif
| #ifdef HAVE_STDINT_H
| # include <stdint.h>
| #endif
| #ifdef HAVE_UNISTD_H
| # include <unistd.h>
| #endif
| #include <valgrind/valgrind.h>
configure:13383: result: no
configure:13383: checking valgrind/valgrind.h presence
configure:13383: gcc -E  conftest.c
conftest.c:47:31: fatal error: valgrind/valgrind.h: No such file or directory
 #include <valgrind/valgrind.h>
                               ^
compilation terminated.
configure:13383: $? = 1
configure: failed program was:
| /* confdefs.h */
| #define PACKAGE_NAME "openvswitch"
| #define PACKAGE_TARNAME "openvswitch"
| #define PACKAGE_VERSION "2.3.1"
| #define PACKAGE_STRING "openvswitch 2.3.1"
| #define PACKAGE_BUGREPORT "bugs@openvswitch.org"
| #define PACKAGE_URL ""
| #define PACKAGE "openvswitch"
| #define VERSION "2.3.1"
| #define STDC_HEADERS 1
| #define HAVE_SYS_TYPES_H 1
| #define HAVE_SYS_STAT_H 1
| #define HAVE_STDLIB_H 1
| #define HAVE_STRING_H 1
| #define HAVE_MEMORY_H 1
| #define HAVE_STRINGS_H 1
| #define HAVE_INTTYPES_H 1
| #define HAVE_STDINT_H 1
| #define HAVE_UNISTD_H 1
| #define __EXTENSIONS__ 1
| #define _ALL_SOURCE 1
| #define _GNU_SOURCE 1
| #define _POSIX_PTHREAD_SEMANTICS 1
| #define _TANDEM_SOURCE 1
| #define HAVE_DLFCN_H 1
| #define LT_OBJDIR ".libs/"
| #define HAVE_DECL_STRERROR_R 1
| #define HAVE_STRERROR_R 1
| #define STRERROR_R_CHAR_P 1
| #define HAVE_NETLINK 1
| #define HAVE_OPENSSL 1
| #define HAVE_IF_PACKET 1
| #define HAVE_DECL_SYS_SIGLIST 1
| #define HAVE_STRUCT_STAT_ST_MTIM_TV_NSEC 1
| #define HAVE_MLOCKALL 1
| #define HAVE_STRNLEN 1
| #define HAVE_GETLOADAVG 1
| #define HAVE_STATVFS 1
| #define HAVE_GETMNTENT_R 1
| #define HAVE_MNTENT_H 1
| #define HAVE_SYS_STATVFS_H 1
| #define HAVE_LINUX_TYPES_H 1
| #define HAVE_LINUX_IF_ETHER_H 1
| #define HAVE_BACKTRACE 1
| #define HAVE_MALLOC_HOOKS 1
| /* end confdefs.h.  */
| #include <valgrind/valgrind.h>
configure:13383: result: no
configure:13383: checking for valgrind/valgrind.h
configure:13383: result: no
configure:13393: checking for connect in -lsocket
configure:13418: gcc -o conftest -g -O2   conftest.c -lsocket  -lpthread -lrt -lm  >&5
/usr/bin/ld: cannot find -lsocket
collect2: error: ld returned 1 exit status
configure:13418: $? = 1
configure: failed program was:
| /* confdefs.h */
| #define PACKAGE_NAME "openvswitch"
| #define PACKAGE_TARNAME "openvswitch"
| #define PACKAGE_VERSION "2.3.1"
| #define PACKAGE_STRING "openvswitch 2.3.1"
| #define PACKAGE_BUGREPORT "bugs@openvswitch.org"
| #define PACKAGE_URL ""
| #define PACKAGE "openvswitch"
| #define VERSION "2.3.1"
| #define STDC_HEADERS 1
| #define HAVE_SYS_TYPES_H 1
| #define HAVE_SYS_STAT_H 1
| #define HAVE_STDLIB_H 1
| #define HAVE_STRING_H 1
| #define HAVE_MEMORY_H 1
| #define HAVE_STRINGS_H 1
| #define HAVE_INTTYPES_H 1
| #define HAVE_STDINT_H 1
| #define HAVE_UNISTD_H 1
| #define __EXTENSIONS__ 1
| #define _ALL_SOURCE 1
| #define _GNU_SOURCE 1
| #define _POSIX_PTHREAD_SEMANTICS 1
| #define _TANDEM_SOURCE 1
| #define HAVE_DLFCN_H 1
| #define LT_OBJDIR ".libs/"
| #define HAVE_DECL_STRERROR_R 1
| #define HAVE_STRERROR_R 1
| #define STRERROR_R_CHAR_P 1
| #define HAVE_NETLINK 1
| #define HAVE_OPENSSL 1
| #define HAVE_IF_PACKET 1
| #define HAVE_DECL_SYS_SIGLIST 1
| #define HAVE_STRUCT_STAT_ST_MTIM_TV_NSEC 1
| #define HAVE_MLOCKALL 1
| #define HAVE_STRNLEN 1
| #define HAVE_GETLOADAVG 1
| #define HAVE_STATVFS 1
| #define HAVE_GETMNTENT_R 1
| #define HAVE_MNTENT_H 1
| #define HAVE_SYS_STATVFS_H 1
| #define HAVE_LINUX_TYPES_H 1
| #define HAVE_LINUX_IF_ETHER_H 1
| #define HAVE_BACKTRACE 1
| #define HAVE_MALLOC_HOOKS 1
| /* end confdefs.h.  */
| 
| /* Override any GCC internal prototype to avoid an error.
|    Use char because int might match the return type of a GCC
|    builtin and then its argument prototype would still apply.  */
| #ifdef __cplusplus
| extern "C"
| #endif
| char connect ();
| int
| main ()
| {
| return connect ();
|   ;
|   return 0;
| }
configure:13427: result: no
configure:13438: checking for library containing gethostbyname
configure:13469: gcc -o conftest -g -O2   conftest.c -lpthread -lrt -lm  >&5
configure:13469: $? = 0
configure:13486: result: none required
configure:13494: checking XenServer release
configure:13506: result: none
configure:13518: checking for groff
configure:13529: result: yes
configure:13539: checking whether make is GNU make
configure:13545: invoking make --version:
GNU Make 3.81
Copyright (C) 2006  Free Software Foundation, Inc.
This is free software; see the source for copying conditions.
There is NO warranty; not even for MERCHANTABILITY or FITNESS FOR A
PARTICULAR PURPOSE.

This program built for x86_64-pc-linux-gnu
configure:13556: result: yes
configure:13566: checking whether gcc has <threads.h> that supports thread_local
configure:13583: gcc -o conftest -g -O2   conftest.c -lpthread -lrt -lm  >&5
conftest.c:47:21: fatal error: threads.h: No such file or directory
 #include <threads.h>
                     ^
compilation terminated.
configure:13583: $? = 1
configure: failed program was:
| /* confdefs.h */
| #define PACKAGE_NAME "openvswitch"
| #define PACKAGE_TARNAME "openvswitch"
| #define PACKAGE_VERSION "2.3.1"
| #define PACKAGE_STRING "openvswitch 2.3.1"
| #define PACKAGE_BUGREPORT "bugs@openvswitch.org"
| #define PACKAGE_URL ""
| #define PACKAGE "openvswitch"
| #define VERSION "2.3.1"
| #define STDC_HEADERS 1
| #define HAVE_SYS_TYPES_H 1
| #define HAVE_SYS_STAT_H 1
| #define HAVE_STDLIB_H 1
| #define HAVE_STRING_H 1
| #define HAVE_MEMORY_H 1
| #define HAVE_STRINGS_H 1
| #define HAVE_INTTYPES_H 1
| #define HAVE_STDINT_H 1
| #define HAVE_UNISTD_H 1
| #define __EXTENSIONS__ 1
| #define _ALL_SOURCE 1
| #define _GNU_SOURCE 1
| #define _POSIX_PTHREAD_SEMANTICS 1
| #define _TANDEM_SOURCE 1
| #define HAVE_DLFCN_H 1
| #define LT_OBJDIR ".libs/"
| #define HAVE_DECL_STRERROR_R 1
| #define HAVE_STRERROR_R 1
| #define STRERROR_R_CHAR_P 1
| #define HAVE_NETLINK 1
| #define HAVE_OPENSSL 1
| #define HAVE_IF_PACKET 1
| #define HAVE_DECL_SYS_SIGLIST 1
| #define HAVE_STRUCT_STAT_ST_MTIM_TV_NSEC 1
| #define HAVE_MLOCKALL 1
| #define HAVE_STRNLEN 1
| #define HAVE_GETLOADAVG 1
| #define HAVE_STATVFS 1
| #define HAVE_GETMNTENT_R 1
| #define HAVE_MNTENT_H 1
| #define HAVE_SYS_STATVFS_H 1
| #define HAVE_LINUX_TYPES_H 1
| #define HAVE_LINUX_IF_ETHER_H 1
| #define HAVE_BACKTRACE 1
| #define HAVE_MALLOC_HOOKS 1
| /* end confdefs.h.  */
| #include <threads.h>
| static thread_local int var;
| int
| main ()
| {
| return var;
|   ;
|   return 0;
| }
configure:13591: result: no
configure:13598: checking whether gcc supports __thread
configure:13614: gcc -o conftest -g -O2   conftest.c -lpthread -lrt -lm  >&5
configure:13614: $? = 0
configure:13622: result: yes
configure:13630: checking for library containing __atomic_load_8
configure:13661: gcc -o conftest -g -O2   conftest.c -lpthread -lrt -lm  >&5
conftest.c:55:6: warning: conflicting types for built-in function '__atomic_load_8' [enabled by default]
 char __atomic_load_8 ();
      ^
/tmp/ccOYFy0G.o: In function `main':
/home/ubuntu/hongdal-clickos-cloudlab-54a46bd6f27d/openvswitch-2.3.1/conftest.c:59: undefined reference to `__atomic_load_8'
collect2: error: ld returned 1 exit status
configure:13661: $? = 1
configure: failed program was:
| /* confdefs.h */
| #define PACKAGE_NAME "openvswitch"
| #define PACKAGE_TARNAME "openvswitch"
| #define PACKAGE_VERSION "2.3.1"
| #define PACKAGE_STRING "openvswitch 2.3.1"
| #define PACKAGE_BUGREPORT "bugs@openvswitch.org"
| #define PACKAGE_URL ""
| #define PACKAGE "openvswitch"
| #define VERSION "2.3.1"
| #define STDC_HEADERS 1
| #define HAVE_SYS_TYPES_H 1
| #define HAVE_SYS_STAT_H 1
| #define HAVE_STDLIB_H 1
| #define HAVE_STRING_H 1
| #define HAVE_MEMORY_H 1
| #define HAVE_STRINGS_H 1
| #define HAVE_INTTYPES_H 1
| #define HAVE_STDINT_H 1
| #define HAVE_UNISTD_H 1
| #define __EXTENSIONS__ 1
| #define _ALL_SOURCE 1
| #define _GNU_SOURCE 1
| #define _POSIX_PTHREAD_SEMANTICS 1
| #define _TANDEM_SOURCE 1
| #define HAVE_DLFCN_H 1
| #define LT_OBJDIR ".libs/"
| #define HAVE_DECL_STRERROR_R 1
| #define HAVE_STRERROR_R 1
| #define STRERROR_R_CHAR_P 1
| #define HAVE_NETLINK 1
| #define HAVE_OPENSSL 1
| #define HAVE_IF_PACKET 1
| #define HAVE_DECL_SYS_SIGLIST 1
| #define HAVE_STRUCT_STAT_ST_MTIM_TV_NSEC 1
| #define HAVE_MLOCKALL 1
| #define HAVE_STRNLEN 1
| #define HAVE_GETLOADAVG 1
| #define HAVE_STATVFS 1
| #define HAVE_GETMNTENT_R 1
| #define HAVE_MNTENT_H 1
| #define HAVE_SYS_STATVFS_H 1
| #define HAVE_LINUX_TYPES_H 1
| #define HAVE_LINUX_IF_ETHER_H 1
| #define HAVE_BACKTRACE 1
| #define HAVE_MALLOC_HOOKS 1
| #define HAVE___THREAD 1
| /* end confdefs.h.  */
| 
| /* Override any GCC internal prototype to avoid an error.
|    Use char because int might match the return type of a GCC
|    builtin and then its argument prototype would still apply.  */
| #ifdef __cplusplus
| extern "C"
| #endif
| char __atomic_load_8 ();
| int
| main ()
| {
| return __atomic_load_8 ();
|   ;
|   return 0;
| }
configure:13661: gcc -o conftest -g -O2   conftest.c -latomic  -lpthread -lrt -lm  >&5
conftest.c:55:6: warning: conflicting types for built-in function '__atomic_load_8' [enabled by default]
 char __atomic_load_8 ();
      ^
configure:13661: $? = 0
configure:13678: result: -latomic
configure:13686: checking whether gcc supports GCC 4.0+ atomic built-ins
configure:13753: gcc -o conftest -g -O2   conftest.c -latomic -lpthread -lrt -lm  >&5
configure:13753: $? = 0
configure:13761: result: yes
configure:13768: checking value of __atomic_always_lock_free(1)
configure:13773: gcc -o conftest -g -O2   conftest.c -latomic -lpthread -lrt -lm  >&5
configure:13773: $? = 0
configure:13773: ./conftest
configure:13773: $? = 0
configure:13780: result: 1
configure:13789: checking value of __atomic_always_lock_free(2)
configure:13794: gcc -o conftest -g -O2   conftest.c -latomic -lpthread -lrt -lm  >&5
configure:13794: $? = 0
configure:13794: ./conftest
configure:13794: $? = 0
configure:13801: result: 1
configure:13810: checking value of __atomic_always_lock_free(4)
configure:13815: gcc -o conftest -g -O2   conftest.c -latomic -lpthread -lrt -lm  >&5
configure:13815: $? = 0
configure:13815: ./conftest
configure:13815: $? = 0
configure:13822: result: 1
configure:13831: checking value of __atomic_always_lock_free(8)
configure:13836: gcc -o conftest -g -O2   conftest.c -latomic -lpthread -lrt -lm  >&5
configure:13836: $? = 0
configure:13836: ./conftest
configure:13836: $? = 0
configure:13843: result: 1
configure:13852: checking for library containing aio_write
configure:13883: gcc -o conftest -g -O2   conftest.c -latomic -lpthread -lrt -lm  >&5
configure:13883: $? = 0
configure:13900: result: none required
configure:13918: checking for pthread_set_name_np
configure:13918: gcc -o conftest -g -O2   conftest.c -latomic -lpthread -lrt -lm  >&5
/tmp/ccKuDCcE.o: In function `main':
/home/ubuntu/hongdal-clickos-cloudlab-54a46bd6f27d/openvswitch-2.3.1/conftest.c:87: undefined reference to `pthread_set_name_np'
collect2: error: ld returned 1 exit status
configure:13918: $? = 1
configure: failed program was:
| /* confdefs.h */
| #define PACKAGE_NAME "openvswitch"
| #define PACKAGE_TARNAME "openvswitch"
| #define PACKAGE_VERSION "2.3.1"
| #define PACKAGE_STRING "openvswitch 2.3.1"
| #define PACKAGE_BUGREPORT "bugs@openvswitch.org"
| #define PACKAGE_URL ""
| #define PACKAGE "openvswitch"
| #define VERSION "2.3.1"
| #define STDC_HEADERS 1
| #define HAVE_SYS_TYPES_H 1
| #define HAVE_SYS_STAT_H 1
| #define HAVE_STDLIB_H 1
| #define HAVE_STRING_H 1
| #define HAVE_MEMORY_H 1
| #define HAVE_STRINGS_H 1
| #define HAVE_INTTYPES_H 1
| #define HAVE_STDINT_H 1
| #define HAVE_UNISTD_H 1
| #define __EXTENSIONS__ 1
| #define _ALL_SOURCE 1
| #define _GNU_SOURCE 1
| #define _POSIX_PTHREAD_SEMANTICS 1
| #define _TANDEM_SOURCE 1
| #define HAVE_DLFCN_H 1
| #define LT_OBJDIR ".libs/"
| #define HAVE_DECL_STRERROR_R 1
| #define HAVE_STRERROR_R 1
| #define STRERROR_R_CHAR_P 1
| #define HAVE_NETLINK 1
| #define HAVE_OPENSSL 1
| #define HAVE_IF_PACKET 1
| #define HAVE_DECL_SYS_SIGLIST 1
| #define HAVE_STRUCT_STAT_ST_MTIM_TV_NSEC 1
| #define HAVE_MLOCKALL 1
| #define HAVE_STRNLEN 1
| #define HAVE_GETLOADAVG 1
| #define HAVE_STATVFS 1
| #define HAVE_GETMNTENT_R 1
| #define HAVE_MNTENT_H 1
| #define HAVE_SYS_STATVFS_H 1
| #define HAVE_LINUX_TYPES_H 1
| #define HAVE_LINUX_IF_ETHER_H 1
| #define HAVE_BACKTRACE 1
| #define HAVE_MALLOC_HOOKS 1
| #define HAVE___THREAD 1
| #define HAVE_GCC4_ATOMICS 1
| #define ATOMIC_ALWAYS_LOCK_FREE_1B 1
| #define ATOMIC_ALWAYS_LOCK_FREE_2B 1
| #define ATOMIC_ALWAYS_LOCK_FREE_4B 1
| #define ATOMIC_ALWAYS_LOCK_FREE_8B 1
| /* end confdefs.h.  */
| /* Define pthread_set_name_np to an innocuous variant, in case <limits.h> declares pthread_set_name_np.
|    For example, HP-UX 11i <limits.h> declares gettimeofday.  */
| #define pthread_set_name_np innocuous_pthread_set_name_np
| 
| /* System header to define __stub macros and hopefully few prototypes,
|     which can conflict with char pthread_set_name_np (); below.
|     Prefer <limits.h> to <assert.h> if __STDC__ is defined, since
|     <limits.h> exists even on freestanding compilers.  */
| 
| #ifdef __STDC__
| # include <limits.h>
| #else
| # include <assert.h>
| #endif
| 
| #undef pthread_set_name_np
| 
| /* Override any GCC internal prototype to avoid an error.
|    Use char because int might match the return type of a GCC
|    builtin and then its argument prototype would still apply.  */
| #ifdef __cplusplus
| extern "C"
| #endif
| char pthread_set_name_np ();
| /* The GNU C library defines this for functions which it implements
|     to always fail with ENOSYS.  Some functions are actually named
|     something starting with __ and the normal name is an alias.  */
| #if defined __stub_pthread_set_name_np || defined __stub___pthread_set_name_np
| choke me
| #endif
| 
| int
| main ()
| {
| return pthread_set_name_np ();
|   ;
|   return 0;
| }
configure:13918: result: no
configure:13928: checking for pthread_setname_np() variant
configure:13945: gcc -o conftest -g -O2   conftest.c -latomic -lpthread -lrt -lm  >&5
configure:13945: $? = 0
configure:13971: result: glibc
configure:13986: checking whether __linux__ is defined
configure:14002: gcc -c -g -O2  conftest.c >&5
configure:14002: $? = 0
configure:14009: result: true
configure:14019: checking for working posix_memalign
configure:14043: gcc -o conftest -g -O2   conftest.c -latomic -lpthread -lrt -lm  >&5
configure:14043: $? = 0
configure:14043: ./conftest
configure:14043: $? = 0
configure:14053: result: yes
configure:14064: checking whether the preprocessor supports include_next
configure:14102: gcc -c -g -O2  -Iconftestd1b -Iconftestd2 conftest.c >&5
configure:14102: $? = 0
configure:14123: result: yes
configure:14144: checking whether system header files limit the line length
configure:14167: result: no
configure:14193: checking for stdio.h
configure:14193: gcc -c -g -O2  conftest.c >&5
configure:14193: $? = 0
configure:14193: result: yes
configure:14193: checking for string.h
configure:14193: result: yes
configure:14358: checking whether gcc accepts -Werror
configure:14376: gcc -c -g -O2  -Werror  conftest.c >&5
configure:14376: $? = 0
configure:14384: result: yes
configure:14393: checking whether gcc accepts -Wall
configure:14411: gcc -c -g -O2 -Werror -Wall  conftest.c >&5
configure:14411: $? = 0
configure:14419: result: yes
configure:14429: checking whether gcc accepts -Wextra
configure:14447: gcc -c -g -O2 -Werror -Wextra  conftest.c >&5
configure:14447: $? = 0
configure:14455: result: yes
configure:14465: checking whether gcc accepts -Wno-sign-compare
configure:14483: gcc -c -g -O2 -Werror -Wno-sign-compare  conftest.c >&5
configure:14483: $? = 0
configure:14491: result: yes
configure:14501: checking whether gcc accepts -Wpointer-arith
configure:14519: gcc -c -g -O2 -Werror -Wpointer-arith  conftest.c >&5
configure:14519: $? = 0
configure:14527: result: yes
configure:14537: checking whether gcc accepts -Wdeclaration-after-statement
configure:14555: gcc -c -g -O2 -Werror -Wdeclaration-after-statement  conftest.c >&5
configure:14555: $? = 0
configure:14563: result: yes
configure:14573: checking whether gcc accepts -Wformat-security
configure:14591: gcc -c -g -O2 -Werror -Wformat-security  conftest.c >&5
configure:14591: $? = 0
configure:14599: result: yes
configure:14609: checking whether gcc accepts -Wno-format-zero-length
configure:14627: gcc -c -g -O2 -Werror -Wno-format-zero-length  conftest.c >&5
configure:14627: $? = 0
configure:14635: result: yes
configure:14645: checking whether gcc accepts -Wswitch-enum
configure:14663: gcc -c -g -O2 -Werror -Wswitch-enum  conftest.c >&5
configure:14663: $? = 0
configure:14671: result: yes
configure:14681: checking whether gcc accepts -Wunused-parameter
configure:14699: gcc -c -g -O2 -Werror -Wunused-parameter  conftest.c >&5
configure:14699: $? = 0
configure:14707: result: yes
configure:14717: checking whether gcc accepts -Wstrict-aliasing
configure:14735: gcc -c -g -O2 -Werror -Wstrict-aliasing  conftest.c >&5
configure:14735: $? = 0
configure:14743: result: yes
configure:14753: checking whether gcc accepts -Wbad-function-cast
configure:14771: gcc -c -g -O2 -Werror -Wbad-function-cast  conftest.c >&5
configure:14771: $? = 0
configure:14779: result: yes
configure:14789: checking whether gcc accepts -Wcast-align
configure:14807: gcc -c -g -O2 -Werror -Wcast-align  conftest.c >&5
configure:14807: $? = 0
configure:14815: result: yes
configure:14825: checking whether gcc accepts -Wstrict-prototypes
configure:14843: gcc -c -g -O2 -Werror -Wstrict-prototypes  conftest.c >&5
conftest.c:59:1: error: function declaration isn't a prototype [-Werror=strict-prototypes]
 main ()
 ^
cc1: all warnings being treated as errors
configure:14843: $? = 1
configure: failed program was:
| /* confdefs.h */
| #define PACKAGE_NAME "openvswitch"
| #define PACKAGE_TARNAME "openvswitch"
| #define PACKAGE_VERSION "2.3.1"
| #define PACKAGE_STRING "openvswitch 2.3.1"
| #define PACKAGE_BUGREPORT "bugs@openvswitch.org"
| #define PACKAGE_URL ""
| #define PACKAGE "openvswitch"
| #define VERSION "2.3.1"
| #define STDC_HEADERS 1
| #define HAVE_SYS_TYPES_H 1
| #define HAVE_SYS_STAT_H 1
| #define HAVE_STDLIB_H 1
| #define HAVE_STRING_H 1
| #define HAVE_MEMORY_H 1
| #define HAVE_STRINGS_H 1
| #define HAVE_INTTYPES_H 1
| #define HAVE_STDINT_H 1
| #define HAVE_UNISTD_H 1
| #define __EXTENSIONS__ 1
| #define _ALL_SOURCE 1
| #define _GNU_SOURCE 1
| #define _POSIX_PTHREAD_SEMANTICS 1
| #define _TANDEM_SOURCE 1
| #define HAVE_DLFCN_H 1
| #define LT_OBJDIR ".libs/"
| #define HAVE_DECL_STRERROR_R 1
| #define HAVE_STRERROR_R 1
| #define STRERROR_R_CHAR_P 1
| #define HAVE_NETLINK 1
| #define HAVE_OPENSSL 1
| #define HAVE_IF_PACKET 1
| #define HAVE_DECL_SYS_SIGLIST 1
| #define HAVE_STRUCT_STAT_ST_MTIM_TV_NSEC 1
| #define HAVE_MLOCKALL 1
| #define HAVE_STRNLEN 1
| #define HAVE_GETLOADAVG 1
| #define HAVE_STATVFS 1
| #define HAVE_GETMNTENT_R 1
| #define HAVE_MNTENT_H 1
| #define HAVE_SYS_STATVFS_H 1
| #define HAVE_LINUX_TYPES_H 1
| #define HAVE_LINUX_IF_ETHER_H 1
| #define HAVE_BACKTRACE 1
| #define HAVE_MALLOC_HOOKS 1
| #define HAVE___THREAD 1
| #define HAVE_GCC4_ATOMICS 1
| #define ATOMIC_ALWAYS_LOCK_FREE_1B 1
| #define ATOMIC_ALWAYS_LOCK_FREE_2B 1
| #define ATOMIC_ALWAYS_LOCK_FREE_4B 1
| #define ATOMIC_ALWAYS_LOCK_FREE_8B 1
| #define HAVE_GLIBC_PTHREAD_SETNAME_NP 1
| #define HAVE_POSIX_MEMALIGN 1
| #define HAVE_STDIO_H 1
| #define HAVE_STRING_H 1
| /* end confdefs.h.  */
| 
| int
| main ()
| {
| 
|   ;
|   return 0;
| }
configure:14851: result: no
configure:14861: checking whether gcc accepts -Wold-style-definition
configure:14879: gcc -c -g -O2 -Werror -Wold-style-definition  conftest.c >&5
conftest.c: In function 'main':
conftest.c:59:1: error: old-style function definition [-Werror=old-style-definition]
 main ()
 ^
cc1: all warnings being treated as errors
configure:14879: $? = 1
configure: failed program was:
| /* confdefs.h */
| #define PACKAGE_NAME "openvswitch"
| #define PACKAGE_TARNAME "openvswitch"
| #define PACKAGE_VERSION "2.3.1"
| #define PACKAGE_STRING "openvswitch 2.3.1"
| #define PACKAGE_BUGREPORT "bugs@openvswitch.org"
| #define PACKAGE_URL ""
| #define PACKAGE "openvswitch"
| #define VERSION "2.3.1"
| #define STDC_HEADERS 1
| #define HAVE_SYS_TYPES_H 1
| #define HAVE_SYS_STAT_H 1
| #define HAVE_STDLIB_H 1
| #define HAVE_STRING_H 1
| #define HAVE_MEMORY_H 1
| #define HAVE_STRINGS_H 1
| #define HAVE_INTTYPES_H 1
| #define HAVE_STDINT_H 1
| #define HAVE_UNISTD_H 1
| #define __EXTENSIONS__ 1
| #define _ALL_SOURCE 1
| #define _GNU_SOURCE 1
| #define _POSIX_PTHREAD_SEMANTICS 1
| #define _TANDEM_SOURCE 1
| #define HAVE_DLFCN_H 1
| #define LT_OBJDIR ".libs/"
| #define HAVE_DECL_STRERROR_R 1
| #define HAVE_STRERROR_R 1
| #define STRERROR_R_CHAR_P 1
| #define HAVE_NETLINK 1
| #define HAVE_OPENSSL 1
| #define HAVE_IF_PACKET 1
| #define HAVE_DECL_SYS_SIGLIST 1
| #define HAVE_STRUCT_STAT_ST_MTIM_TV_NSEC 1
| #define HAVE_MLOCKALL 1
| #define HAVE_STRNLEN 1
| #define HAVE_GETLOADAVG 1
| #define HAVE_STATVFS 1
| #define HAVE_GETMNTENT_R 1
| #define HAVE_MNTENT_H 1
| #define HAVE_SYS_STATVFS_H 1
| #define HAVE_LINUX_TYPES_H 1
| #define HAVE_LINUX_IF_ETHER_H 1
| #define HAVE_BACKTRACE 1
| #define HAVE_MALLOC_HOOKS 1
| #define HAVE___THREAD 1
| #define HAVE_GCC4_ATOMICS 1
| #define ATOMIC_ALWAYS_LOCK_FREE_1B 1
| #define ATOMIC_ALWAYS_LOCK_FREE_2B 1
| #define ATOMIC_ALWAYS_LOCK_FREE_4B 1
| #define ATOMIC_ALWAYS_LOCK_FREE_8B 1
| #define HAVE_GLIBC_PTHREAD_SETNAME_NP 1
| #define HAVE_POSIX_MEMALIGN 1
| #define HAVE_STDIO_H 1
| #define HAVE_STRING_H 1
| /* end confdefs.h.  */
| 
| int
| main ()
| {
| 
|   ;
|   return 0;
| }
configure:14887: result: no
configure:14897: checking whether gcc accepts -Wmissing-prototypes
configure:14915: gcc -c -g -O2 -Werror -Wmissing-prototypes  conftest.c >&5
configure:14915: $? = 0
configure:14923: result: yes
configure:14933: checking whether gcc accepts -Wmissing-field-initializers
configure:14951: gcc -c -g -O2 -Werror -Wmissing-field-initializers  conftest.c >&5
configure:14951: $? = 0
configure:14959: result: yes
configure:14969: checking whether gcc accepts -Wthread-safety
configure:14987: gcc -c -g -O2 -Werror -Wthread-safety  conftest.c >&5
gcc: error: unrecognized command line option '-Wthread-safety'
configure:14987: $? = 1
configure: failed program was:
| /* confdefs.h */
| #define PACKAGE_NAME "openvswitch"
| #define PACKAGE_TARNAME "openvswitch"
| #define PACKAGE_VERSION "2.3.1"
| #define PACKAGE_STRING "openvswitch 2.3.1"
| #define PACKAGE_BUGREPORT "bugs@openvswitch.org"
| #define PACKAGE_URL ""
| #define PACKAGE "openvswitch"
| #define VERSION "2.3.1"
| #define STDC_HEADERS 1
| #define HAVE_SYS_TYPES_H 1
| #define HAVE_SYS_STAT_H 1
| #define HAVE_STDLIB_H 1
| #define HAVE_STRING_H 1
| #define HAVE_MEMORY_H 1
| #define HAVE_STRINGS_H 1
| #define HAVE_INTTYPES_H 1
| #define HAVE_STDINT_H 1
| #define HAVE_UNISTD_H 1
| #define __EXTENSIONS__ 1
| #define _ALL_SOURCE 1
| #define _GNU_SOURCE 1
| #define _POSIX_PTHREAD_SEMANTICS 1
| #define _TANDEM_SOURCE 1
| #define HAVE_DLFCN_H 1
| #define LT_OBJDIR ".libs/"
| #define HAVE_DECL_STRERROR_R 1
| #define HAVE_STRERROR_R 1
| #define STRERROR_R_CHAR_P 1
| #define HAVE_NETLINK 1
| #define HAVE_OPENSSL 1
| #define HAVE_IF_PACKET 1
| #define HAVE_DECL_SYS_SIGLIST 1
| #define HAVE_STRUCT_STAT_ST_MTIM_TV_NSEC 1
| #define HAVE_MLOCKALL 1
| #define HAVE_STRNLEN 1
| #define HAVE_GETLOADAVG 1
| #define HAVE_STATVFS 1
| #define HAVE_GETMNTENT_R 1
| #define HAVE_MNTENT_H 1
| #define HAVE_SYS_STATVFS_H 1
| #define HAVE_LINUX_TYPES_H 1
| #define HAVE_LINUX_IF_ETHER_H 1
| #define HAVE_BACKTRACE 1
| #define HAVE_MALLOC_HOOKS 1
| #define HAVE___THREAD 1
| #define HAVE_GCC4_ATOMICS 1
| #define ATOMIC_ALWAYS_LOCK_FREE_1B 1
| #define ATOMIC_ALWAYS_LOCK_FREE_2B 1
| #define ATOMIC_ALWAYS_LOCK_FREE_4B 1
| #define ATOMIC_ALWAYS_LOCK_FREE_8B 1
| #define HAVE_GLIBC_PTHREAD_SETNAME_NP 1
| #define HAVE_POSIX_MEMALIGN 1
| #define HAVE_STDIO_H 1
| #define HAVE_STRING_H 1
| /* end confdefs.h.  */
| 
| int
| main ()
| {
| 
|   ;
|   return 0;
| }
configure:14995: result: no
configure:15005: checking whether gcc accepts -Wno-unused
configure:15023: gcc -c -g -O2 -Werror -Wno-unused  conftest.c >&5
configure:15023: $? = 0
configure:15031: result: yes
configure:15048: checking whether gcc accepts -Wno-unused-parameter
configure:15066: gcc -c -g -O2 -Werror -Wno-unused-parameter  conftest.c >&5
configure:15066: $? = 0
configure:15074: result: yes
configure:15098: checking target hint for cgcc
configure:15112: result: x86_64
configure:15124: checking whether make has GNU make $(if) extension
configure:15135: invoking make -f conftest.mk all:
make[1]: Entering directory `/home/ubuntu/hongdal-clickos-cloudlab-54a46bd6f27d/openvswitch-2.3.1'
echo y > conftest.out
make[1]: Leaving directory `/home/ubuntu/hongdal-clickos-cloudlab-54a46bd6f27d/openvswitch-2.3.1'
configure:15137: conftest.out contains:
y
configure:15147: result: yes
configure:15221: checking for Linux build directory
configure:15228: result: no
configure:15230: error: source dir /lib/modules/3.13.0-32-generic/build doesn't exist

## ---------------- ##
## Cache variables. ##
## ---------------- ##

ac_cv_build=x86_64-unknown-linux-gnu
ac_cv_c_bigendian=no
ac_cv_c_compiler_gnu=yes
ac_cv_env_CC_set=
ac_cv_env_CC_value=
ac_cv_env_CFLAGS_set=
ac_cv_env_CFLAGS_value=
ac_cv_env_CPPFLAGS_set=
ac_cv_env_CPPFLAGS_value=
ac_cv_env_CPP_set=
ac_cv_env_CPP_value=
ac_cv_env_KARCH_set=
ac_cv_env_KARCH_value=
ac_cv_env_LDFLAGS_set=
ac_cv_env_LDFLAGS_value=
ac_cv_env_LIBS_set=
ac_cv_env_LIBS_value=
ac_cv_env_PERL_set=
ac_cv_env_PERL_value=
ac_cv_env_build_alias_set=
ac_cv_env_build_alias_value=
ac_cv_env_host_alias_set=
ac_cv_env_host_alias_value=
ac_cv_env_target_alias_set=
ac_cv_env_target_alias_value=
ac_cv_func_getloadavg=yes
ac_cv_func_getmntent_r=yes
ac_cv_func_mlockall=yes
ac_cv_func_pthread_set_name_np=no
ac_cv_func_statvfs=yes
ac_cv_func_strerror_r=yes
ac_cv_func_strerror_r_char_p=yes
ac_cv_func_strnlen=yes
ac_cv_have_decl_strerror_r=yes
ac_cv_have_decl_sys_siglist=yes
ac_cv_header_dlfcn_h=yes
ac_cv_header_inttypes_h=yes
ac_cv_header_linux_if_ether_h=yes
ac_cv_header_linux_netlink_h=yes
ac_cv_header_linux_types_h=yes
ac_cv_header_memory_h=yes
ac_cv_header_minix_config_h=no
ac_cv_header_mntent_h=yes
ac_cv_header_net_if_dl_h=no
ac_cv_header_net_if_mib_h=no
ac_cv_header_net_if_packet_h=yes
ac_cv_header_stdatomic_h=no
ac_cv_header_stdc=yes
ac_cv_header_stdint_h=yes
ac_cv_header_stdio_h=yes
ac_cv_header_stdlib_h=yes
ac_cv_header_string_h=yes
ac_cv_header_strings_h=yes
ac_cv_header_sys_stat_h=yes
ac_cv_header_sys_statvfs_h=yes
ac_cv_header_sys_types_h=yes
ac_cv_header_unistd_h=yes
ac_cv_header_valgrind_valgrind_h=no
ac_cv_header_vmware_h=no
ac_cv_header_windows_h=no
ac_cv_host=x86_64-unknown-linux-gnu
ac_cv_lib_socket_connect=no
ac_cv_member_struct_ifreq_ifr_flagshigh=no
ac_cv_member_struct_stat_st_mtim_tv_nsec=yes
ac_cv_member_struct_stat_st_mtimensec=no
ac_cv_objext=o
ac_cv_path_EGREP='/bin/grep -E'
ac_cv_path_FGREP='/bin/grep -F'
ac_cv_path_GREP=/bin/grep
ac_cv_path_PERL=/usr/bin/perl
ac_cv_path_PKG_CONFIG=/usr/bin/pkg-config
ac_cv_path_SED=/bin/sed
ac_cv_path_install='/usr/bin/install -c'
ac_cv_path_mkdir=/bin/mkdir
ac_cv_prog_AWK=gawk
ac_cv_prog_CPP='gcc -E'
ac_cv_prog_ac_ct_AR=ar
ac_cv_prog_ac_ct_CC=gcc
ac_cv_prog_ac_ct_MANIFEST_TOOL=mt
ac_cv_prog_ac_ct_OBJDUMP=objdump
ac_cv_prog_ac_ct_RANLIB=ranlib
ac_cv_prog_ac_ct_STRIP=strip
ac_cv_prog_cc_c89=
ac_cv_prog_cc_g=yes
ac_cv_prog_cc_gcc_c_o=yes
ac_cv_prog_make_make_set=yes
ac_cv_safe_to_define___extensions__=yes
ac_cv_search___atomic_load_8=-latomic
ac_cv_search_aio_write='none required'
ac_cv_search_backtrace='none required'
ac_cv_search_clock_gettime='none required'
ac_cv_search_gethostbyname='none required'
ac_cv_search_pow=-lm
ac_cv_search_pthread_sigmask=-lpthread
ac_cv_search_timer_create=-lrt
ac_cv_sparse_target=x86_64
ac_cv_sys_file_offset_bits=no
ac_cv_sys_largefile_CC=no
am_cv_CC_dependencies_compiler_type=gcc3
ax_cv_func_posix_memalign_works=yes
gl_cv_have_include_next=yes
gl_cv_next_stdio_h='<stdio.h>'
gl_cv_next_string_h='<string.h>'
gl_cv_pragma_columns=no
lt_cv_ar_at_file=@
lt_cv_deplibs_check_method=pass_all
lt_cv_file_magic_cmd='$MAGIC_CMD'
lt_cv_file_magic_test_file=
lt_cv_ld_reload_flag=-r
lt_cv_nm_interface='BSD nm'
lt_cv_objdir=.libs
lt_cv_path_LD=/usr/bin/ld
lt_cv_path_NM='/usr/bin/nm -B'
lt_cv_path_mainfest_tool=no
lt_cv_prog_compiler_c_o=yes
lt_cv_prog_compiler_pic='-fPIC -DPIC'
lt_cv_prog_compiler_pic_works=yes
lt_cv_prog_compiler_rtti_exceptions=no
lt_cv_prog_compiler_static_works=yes
lt_cv_prog_gnu_ld=yes
lt_cv_sharedlib_from_linklib_cmd='printf %s\n'
lt_cv_shlibpath_overrides_runpath=no
lt_cv_sys_global_symbol_pipe='sed -n -e '\''s/^.*[	 ]\([ABCDGIRSTW][ABCDGIRSTW]*\)[	 ][	 ]*\([_A-Za-z][_A-Za-z0-9]*\)$/\1 \2 \2/p'\'' | sed '\''/ __gnu_lto/d'\'''
lt_cv_sys_global_symbol_to_c_name_address='sed -n -e '\''s/^: \([^ ]*\)[ ]*$/  {\"\1\", (void *) 0},/p'\'' -e '\''s/^[ABCDGIRSTW]* \([^ ]*\) \([^ ]*\)$/  {"\2", (void *) \&\2},/p'\'''
lt_cv_sys_global_symbol_to_c_name_address_lib_prefix='sed -n -e '\''s/^: \([^ ]*\)[ ]*$/  {\"\1\", (void *) 0},/p'\'' -e '\''s/^[ABCDGIRSTW]* \([^ ]*\) \(lib[^ ]*\)$/  {"\2", (void *) \&\2},/p'\'' -e '\''s/^[ABCDGIRSTW]* \([^ ]*\) \([^ ]*\)$/  {"lib\2", (void *) \&\2},/p'\'''
lt_cv_sys_global_symbol_to_cdecl='sed -n -e '\''s/^T .* \(.*\)$/extern int \1();/p'\'' -e '\''s/^[ABCDGIRSTW]* .* \(.*\)$/extern char \1;/p'\'''
lt_cv_sys_max_cmd_len=3458764513820540925
lt_cv_to_host_file_cmd=func_convert_file_noop
lt_cv_to_tool_file_cmd=func_convert_file_noop
ovs_cv__Wall=yes
ovs_cv__Wbad_function_cast=yes
ovs_cv__Wcast_align=yes
ovs_cv__Wdeclaration_after_statement=yes
ovs_cv__Werror=yes
ovs_cv__Wextra=yes
ovs_cv__Wformat_security=yes
ovs_cv__Wmissing_field_initializers=yes
ovs_cv__Wmissing_prototypes=yes
ovs_cv__Wno_format_zero_length=yes
ovs_cv__Wno_sign_compare=yes
ovs_cv__Wno_unused=yes
ovs_cv__Wno_unused_parameter=yes
ovs_cv__Wold_style_definition=no
ovs_cv__Wpointer_arith=yes
ovs_cv__Wstrict_aliasing=yes
ovs_cv__Wstrict_prototypes=no
ovs_cv__Wswitch_enum=yes
ovs_cv__Wthread_safety=no
ovs_cv__Wunused_parameter=yes
ovs_cv___thread=yes
ovs_cv_atomic_always_lock_free_1=1
ovs_cv_atomic_always_lock_free_2=1
ovs_cv_atomic_always_lock_free_4=1
ovs_cv_atomic_always_lock_free_8=1
ovs_cv_dot=no
ovs_cv_gcc4_atomics=yes
ovs_cv_gnu_make=yes
ovs_cv_gnu_make_if=yes
ovs_cv_groff=yes
ovs_cv_linux=true
ovs_cv_malloc_hooks=yes
ovs_cv_pthread_setname_np=glibc
ovs_cv_py_uuid=yes
ovs_cv_python=/usr/bin/python
ovs_cv_strtok_r_bug=no
ovs_cv_thread_local=no
ovs_cv_xsversion=none

## ----------------- ##
## Output variables. ##
## ----------------- ##

ACLOCAL='${SHELL} /home/ubuntu/hongdal-clickos-cloudlab-54a46bd6f27d/openvswitch-2.3.1/build-aux/missing --run aclocal-1.11'
AMDEPBACKSLASH='\'
AMDEP_FALSE='#'
AMDEP_TRUE=''
AMTAR='${SHELL} /home/ubuntu/hongdal-clickos-cloudlab-54a46bd6f27d/openvswitch-2.3.1/build-aux/missing --run tar'
AM_BACKSLASH=''
AM_DEFAULT_VERBOSITY=''
AR='ar'
AUTOCONF='${SHELL} /home/ubuntu/hongdal-clickos-cloudlab-54a46bd6f27d/openvswitch-2.3.1/build-aux/missing --run autoconf'
AUTOHEADER='${SHELL} /home/ubuntu/hongdal-clickos-cloudlab-54a46bd6f27d/openvswitch-2.3.1/build-aux/missing --run autoheader'
AUTOM4TE='${SHELL} /home/ubuntu/hongdal-clickos-cloudlab-54a46bd6f27d/openvswitch-2.3.1/build-aux/missing --run autom4te'
AUTOMAKE='${SHELL} /home/ubuntu/hongdal-clickos-cloudlab-54a46bd6f27d/openvswitch-2.3.1/build-aux/missing --run automake-1.11'
AWK='gawk'
CC='gcc'
CCDEPMODE='depmode=gcc3'
CFLAGS='-g -O2'
CGCCFLAGS='-target=x86_64'
CPP='gcc -E'
CPPFLAGS=''
CYGPATH_W='echo'
DBDIR='${sysconfdir}/${PACKAGE}'
DEFS=''
DEPDIR='.deps'
DLLTOOL='false'
DPDK_NETDEV_FALSE=''
DPDK_NETDEV_TRUE=''
DSYMUTIL=''
DUMPBIN=''
ECHO_C=''
ECHO_N='-n'
ECHO_T=''
EGREP='/bin/grep -E'
ESX_FALSE=''
ESX_TRUE='#'
EXEEXT=''
FGREP='/bin/grep -F'
GNU_MAKE_FALSE='#'
GNU_MAKE_TRUE=''
GREP='/bin/grep'
HAVE_DOT_FALSE=''
HAVE_DOT_TRUE='#'
HAVE_GROFF_FALSE='#'
HAVE_GROFF_TRUE=''
HAVE_IF_DL_FALSE=''
HAVE_IF_DL_TRUE='#'
HAVE_IF_PACKET_FALSE='#'
HAVE_IF_PACKET_TRUE=''
HAVE_NETLINK_FALSE='#'
HAVE_NETLINK_TRUE=''
HAVE_OPENSSL='yes'
HAVE_OPENSSL_FALSE='#'
HAVE_OPENSSL_TRUE=''
HAVE_POSIX_AIO_FALSE='#'
HAVE_POSIX_AIO_TRUE=''
HAVE_PYTHON='yes'
HAVE_PYTHON_FALSE='#'
HAVE_PYTHON_TRUE=''
HAVE_WNO_UNUSED_FALSE='#'
HAVE_WNO_UNUSED_PARAMETER_FALSE='#'
HAVE_WNO_UNUSED_PARAMETER_TRUE=''
HAVE_WNO_UNUSED_TRUE=''
INCLUDE_NEXT='include_next'
INCLUDE_NEXT_AS_FIRST_DIRECTIVE='include_next'
INCLUDE_PYTHON_COMPAT_FALSE=''
INCLUDE_PYTHON_COMPAT_TRUE='#'
INSTALL_DATA='${INSTALL} -m 644'
INSTALL_PROGRAM='${INSTALL}'
INSTALL_SCRIPT='${INSTALL}'
INSTALL_STRIP_PROGRAM='$(install_sh) -c -s'
KARCH=''
KBUILD='/lib/modules/3.13.0-32-generic/build'
LD='/usr/bin/ld -m elf_x86_64'
LDFLAGS=''
LIBOBJS=''
LIBS='-latomic -lpthread -lrt -lm '
LIBTOOL='$(SHELL) $(top_builddir)/libtool'
LINUX_ENABLED_FALSE=''
LINUX_ENABLED_TRUE=''
LINUX_FALSE='#'
LINUX_TRUE=''
LIPO=''
LN_S='ln -s'
LOGDIR='${localstatedir}/log/${PACKAGE}'
LTLIBOBJS=''
MAKEINFO='${SHELL} /home/ubuntu/hongdal-clickos-cloudlab-54a46bd6f27d/openvswitch-2.3.1/build-aux/missing --run makeinfo'
MANIFEST_TOOL=':'
MKDIR_P='/bin/mkdir -p'
NDEBUG_FALSE=''
NDEBUG_TRUE='#'
NEXT_AS_FIRST_DIRECTIVE_STDIO_H='<stdio.h>'
NEXT_AS_FIRST_DIRECTIVE_STRING_H='<string.h>'
NEXT_STDIO_H='<stdio.h>'
NEXT_STRING_H='<string.h>'
NM='/usr/bin/nm -B'
NMEDIT=''
OBJDUMP='objdump'
OBJEXT='o'
OTOOL64=''
OTOOL=''
PACKAGE='openvswitch'
PACKAGE_BUGREPORT='bugs@openvswitch.org'
PACKAGE_NAME='openvswitch'
PACKAGE_STRING='openvswitch 2.3.1'
PACKAGE_TARNAME='openvswitch'
PACKAGE_URL=''
PACKAGE_VERSION='2.3.1'
PATH_SEPARATOR=':'
PERL='/usr/bin/perl'
PKG_CONFIG='/usr/bin/pkg-config'
PKIDIR='${localstatedir}/lib/openvswitch/pki'
PRAGMA_COLUMNS=''
PRAGMA_SYSTEM_HEADER='#pragma GCC system_header'
PTHREAD_INCLUDES=''
PTHREAD_LDFLAGS=''
PTHREAD_LIBS=''
PYTHON='/usr/bin/python'
RANLIB='ranlib'
RUNDIR='${localstatedir}/run/openvswitch'
SED='/bin/sed'
SET_MAKE=''
SHELL='/bin/bash'
SPARSE='sparse'
SPARSEFLAGS='-m64'
SPARSE_EXTRA_INCLUDES='-I /usr/local/include -I /usr/include/x86_64-linux-gnu '
SSL_INCLUDES=' '
SSL_LDFLAGS=' '
SSL_LIBS='-lssl -lcrypto  '
STRIP='strip'
VERSION='2.3.1'
WARNING_FLAGS=' -Wall -Wextra -Wno-sign-compare -Wpointer-arith -Wdeclaration-after-statement -Wformat-security -Wno-format-zero-length -Wswitch-enum -Wunused-parameter -Wstrict-aliasing -Wbad-function-cast -Wcast-align -Wmissing-prototypes -Wmissing-field-initializers'
WIN32_FALSE=''
WIN32_TRUE='#'
ac_ct_AR='ar'
ac_ct_CC='gcc'
ac_ct_DUMPBIN=''
am__EXEEXT_FALSE=''
am__EXEEXT_TRUE=''
am__fastdepCC_FALSE='#'
am__fastdepCC_TRUE=''
am__include='include'
am__isrc=''
am__leading_dot='.'
am__quote=''
am__tar='${AMTAR} chof - "$$tardir"'
am__untar='${AMTAR} xf -'
bindir='${exec_prefix}/bin'
build='x86_64-unknown-linux-gnu'
build_alias=''
build_cpu='x86_64'
build_os='linux-gnu'
build_vendor='unknown'
datadir='${datarootdir}'
datarootdir='${prefix}/share'
docdir='${datarootdir}/doc/${PACKAGE_TARNAME}'
dvidir='${docdir}'
exec_prefix='NONE'
host='x86_64-unknown-linux-gnu'
host_alias=''
host_cpu='x86_64'
host_os='linux-gnu'
host_vendor='unknown'
htmldir='${docdir}'
includedir='${prefix}/include'
infodir='${datarootdir}/info'
install_sh='${SHELL} /home/ubuntu/hongdal-clickos-cloudlab-54a46bd6f27d/openvswitch-2.3.1/build-aux/install-sh'
libdir='${exec_prefix}/lib'
libexecdir='${exec_prefix}/libexec'
localedir='${datarootdir}/locale'
localstatedir='${prefix}/var'
mandir='${datarootdir}/man'
mkdir_p='/bin/mkdir -p'
oldincludedir='/usr/include'
pdfdir='${docdir}'
prefix='NONE'
program_transform_name='s,x,x,'
psdir='${docdir}'
sbindir='${exec_prefix}/sbin'
sharedstatedir='${prefix}/com'
sysconfdir='${prefix}/etc'
target_alias=''

## ----------- ##
## confdefs.h. ##
## ----------- ##

/* confdefs.h */
#define PACKAGE_NAME "openvswitch"
#define PACKAGE_TARNAME "openvswitch"
#define PACKAGE_VERSION "2.3.1"
#define PACKAGE_STRING "openvswitch 2.3.1"
#define PACKAGE_BUGREPORT "bugs@openvswitch.org"
#define PACKAGE_URL ""
#define PACKAGE "openvswitch"
#define VERSION "2.3.1"
#define STDC_HEADERS 1
#define HAVE_SYS_TYPES_H 1
#define HAVE_SYS_STAT_H 1
#define HAVE_STDLIB_H 1
#define HAVE_STRING_H 1
#define HAVE_MEMORY_H 1
#define HAVE_STRINGS_H 1
#define HAVE_INTTYPES_H 1
#define HAVE_STDINT_H 1
#define HAVE_UNISTD_H 1
#define __EXTENSIONS__ 1
#define _ALL_SOURCE 1
#define _GNU_SOURCE 1
#define _POSIX_PTHREAD_SEMANTICS 1
#define _TANDEM_SOURCE 1
#define HAVE_DLFCN_H 1
#define LT_OBJDIR ".libs/"
#define HAVE_DECL_STRERROR_R 1
#define HAVE_STRERROR_R 1
#define STRERROR_R_CHAR_P 1
#define HAVE_NETLINK 1
#define HAVE_OPENSSL 1
#define HAVE_IF_PACKET 1
#define HAVE_DECL_SYS_SIGLIST 1
#define HAVE_STRUCT_STAT_ST_MTIM_TV_NSEC 1
#define HAVE_MLOCKALL 1
#define HAVE_STRNLEN 1
#define HAVE_GETLOADAVG 1
#define HAVE_STATVFS 1
#define HAVE_GETMNTENT_R 1
#define HAVE_MNTENT_H 1
#define HAVE_SYS_STATVFS_H 1
#define HAVE_LINUX_TYPES_H 1
#define HAVE_LINUX_IF_ETHER_H 1
#define HAVE_BACKTRACE 1
#define HAVE_MALLOC_HOOKS 1
#define HAVE___THREAD 1
#define HAVE_GCC4_ATOMICS 1
#define ATOMIC_ALWAYS_LOCK_FREE_1B 1
#define ATOMIC_ALWAYS_LOCK_FREE_2B 1
#define ATOMIC_ALWAYS_LOCK_FREE_4B 1
#define ATOMIC_ALWAYS_LOCK_FREE_8B 1
#define HAVE_GLIBC_PTHREAD_SETNAME_NP 1
#define HAVE_POSIX_MEMALIGN 1
#define HAVE_STDIO_H 1
#define HAVE_STRING_H 1

configure: exit 1
